[    0.000000] Initializing cgroup subsys cpuset
[    0.000000] Initializing cgroup subsys cpu
[    0.000000] Initializing cgroup subsys cpuacct
[    0.000000] Linux version 4.4.0-116-generic (buildd@lgw01-amd64-021) (gcc version 5.4.0 20160609 (Ubuntu 5.4.0-6ubuntu1~16.04.9) ) #140-Ubuntu SMP Mon Feb 12 21:23:04 UTC 2018 (Ubuntu 4.4.0-116.140-generic 4.4.98)
[    0.000000] Command line: BOOT_IMAGE=/boot/vmlinuz-4.4.0-116-generic root=LABEL=cloudimg-rootfs ro console=tty1 console=ttyS0
[    0.000000] KERNEL supported cpus:
[    0.000000]   Intel GenuineIntel
[    0.000000]   AMD AuthenticAMD
[    0.000000]   Centaur CentaurHauls
[    0.000000] x86/fpu: xstate_offset[2]:  576, xstate_sizes[2]:  256
[    0.000000] x86/fpu: Supporting XSAVE feature 0x01: 'x87 floating point registers'
[    0.000000] x86/fpu: Supporting XSAVE feature 0x02: 'SSE registers'
[    0.000000] x86/fpu: Supporting XSAVE feature 0x04: 'AVX registers'
[    0.000000] x86/fpu: Enabled xstate features 0x7, context size is 832 bytes, using 'standard' format.
[    0.000000] x86/fpu: Using 'lazy' FPU context switches.
[    0.000000] e820: BIOS-provided physical RAM map:
[    0.000000] BIOS-e820: [mem 0x0000000000000000-0x000000000009fbff] usable
[    0.000000] BIOS-e820: [mem 0x000000000009fc00-0x000000000009ffff] reserved
[    0.000000] BIOS-e820: [mem 0x00000000000f0000-0x00000000000fffff] reserved
[    0.000000] BIOS-e820: [mem 0x0000000000100000-0x000000000ffeffff] usable
[    0.000000] BIOS-e820: [mem 0x000000000fff0000-0x000000000fffffff] ACPI data
[    0.000000] BIOS-e820: [mem 0x00000000fec00000-0x00000000fec00fff] reserved
[    0.000000] BIOS-e820: [mem 0x00000000fee00000-0x00000000fee00fff] reserved
[    0.000000] BIOS-e820: [mem 0x00000000fffc0000-0x00000000ffffffff] reserved
[    0.000000] NX (Execute Disable) protection: active
[    0.000000] SMBIOS 2.5 present.
[    0.000000] Hypervisor detected: KVM
[    0.000000] Kernel/User page tables isolation: disabled
[    0.000000] e820: last_pfn = 0xfff0 max_arch_pfn = 0x400000000
[    0.000000] MTRR: Disabled
[    0.000000] x86/PAT: MTRRs disabled, skipping PAT initialization too.
[    0.000000] CPU MTRRs all blank - virtualized system.
[    0.000000] x86/PAT: Configuration [0-7]: WB  WT  UC- UC  WB  WT  UC- UC  
[    0.000000] found SMP MP-table at [mem 0x0009fff0-0x0009ffff] mapped at [ffff88000009fff0]
[    0.000000] Scanning 1 areas for low memory corruption
[    0.000000] RAMDISK: [mem 0x0ecd1000-0x0f76ffff]
[    0.000000] ACPI: Early table checksum verification disabled
[    0.000000] ACPI: RSDP 0x00000000000E0000 000024 (v02 VBOX  )
[    0.000000] ACPI: XSDT 0x000000000FFF0030 00003C (v01 VBOX   VBOXXSDT 00000001 ASL  00000061)
[    0.000000] ACPI: FACP 0x000000000FFF00F0 0000F4 (v04 VBOX   VBOXFACP 00000001 ASL  00000061)
[    0.000000] ACPI: DSDT 0x000000000FFF0470 0021FF (v02 VBOX   VBOXBIOS 00000002 INTL 20160108)
[    0.000000] ACPI: FACS 0x000000000FFF0200 000040
[    0.000000] ACPI: FACS 0x000000000FFF0200 000040
[    0.000000] ACPI: APIC 0x000000000FFF0240 00005C (v02 VBOX   VBOXAPIC 00000001 ASL  00000061)
[    0.000000] ACPI: SSDT 0x000000000FFF02A0 0001CC (v01 VBOX   VBOXCPUT 00000002 INTL 20160108)
[    0.000000] No NUMA configuration found
[    0.000000] Faking a node at [mem 0x0000000000000000-0x000000000ffeffff]
[    0.000000] NODE_DATA(0) allocated [mem 0x0ffeb000-0x0ffeffff]
[    0.000000] kvm-clock: Using msrs 4b564d01 and 4b564d00
[    0.000000] kvm-clock: cpu 0, msr 0:ffe3001, primary cpu clock
[    0.000000] kvm-clock: using sched offset of 5107996917 cycles
[    0.000000] clocksource: kvm-clock: mask: 0xffffffffffffffff max_cycles: 0x1cd42e4dffb, max_idle_ns: 881590591483 ns
[    0.000000] Zone ranges:
[    0.000000]   DMA      [mem 0x0000000000001000-0x0000000000ffffff]
[    0.000000]   DMA32    [mem 0x0000000001000000-0x000000000ffeffff]
[    0.000000]   Normal   empty
[    0.000000]   Device   empty
[    0.000000] Movable zone start for each node
[    0.000000] Early memory node ranges
[    0.000000]   node   0: [mem 0x0000000000001000-0x000000000009efff]
[    0.000000]   node   0: [mem 0x0000000000100000-0x000000000ffeffff]
[    0.000000] Initmem setup node 0 [mem 0x0000000000001000-0x000000000ffeffff]
[    0.000000] ACPI: PM-Timer IO Port: 0x4008
[    0.000000] IOAPIC[0]: apic_id 2, version 32, address 0xfec00000, GSI 0-23
[    0.000000] ACPI: INT_SRC_OVR (bus 0 bus_irq 0 global_irq 2 dfl dfl)
[    0.000000] ACPI: INT_SRC_OVR (bus 0 bus_irq 9 global_irq 9 high level)
[    0.000000] Using ACPI (MADT) for SMP configuration information
[    0.000000] smpboot: Allowing 2 CPUs, 0 hotplug CPUs
[    0.000000] PM: Registered nosave memory: [mem 0x00000000-0x00000fff]
[    0.000000] PM: Registered nosave memory: [mem 0x0009f000-0x0009ffff]
[    0.000000] PM: Registered nosave memory: [mem 0x000a0000-0x000effff]
[    0.000000] PM: Registered nosave memory: [mem 0x000f0000-0x000fffff]
[    0.000000] e820: [mem 0x10000000-0xfebfffff] available for PCI devices
[    0.000000] Booting paravirtualized kernel on KVM
[    0.000000] clocksource: refined-jiffies: mask: 0xffffffff max_cycles: 0xffffffff, max_idle_ns: 7645519600211568 ns
[    0.000000] setup_percpu: NR_CPUS:512 nr_cpumask_bits:512 nr_cpu_ids:2 nr_node_ids:1
[    0.000000] PERCPU: Embedded 34 pages/cpu @ffff88000fc00000 s99544 r8192 d31528 u1048576
[    0.000000] PV qspinlock hash table entries: 256 (order: 0, 4096 bytes)
[    0.000000] Built 1 zonelists in Node order, mobility grouping on.  Total pages: 64377
[    0.000000] Policy zone: DMA32
[    0.000000] Kernel command line: BOOT_IMAGE=/boot/vmlinuz-4.4.0-116-generic root=LABEL=cloudimg-rootfs ro console=tty1 console=ttyS0
[    0.000000] PID hash table entries: 1024 (order: 1, 8192 bytes)
[    0.000000] Memory: 227536K/261688K available (8530K kernel code, 1309K rwdata, 3992K rodata, 1508K init, 1316K bss, 34152K reserved, 0K cma-reserved)
[    0.000000] SLUB: HWalign=64, Order=0-3, MinObjects=0, CPUs=2, Nodes=1
[    0.000000] Hierarchical RCU implementation.
[    0.000000] 	Build-time adjustment of leaf fanout to 64.
[    0.000000] 	RCU restricting CPUs from NR_CPUS=512 to nr_cpu_ids=2.
[    0.000000] RCU: Adjusting geometry for rcu_fanout_leaf=64, nr_cpu_ids=2
[    0.000000] NR_IRQS:33024 nr_irqs:440 16
[    0.000000] Console: colour VGA+ 80x25
[    0.000000] console [tty1] enabled
[    0.000000] console [ttyS0] enabled
[    0.000000] tsc: Detected 2195.880 MHz processor
[    0.000000] tsc: Marking TSC unstable due to TSCs unsynchronized
[    0.008000] Calibrating delay loop (skipped) preset value.. 4391.76 BogoMIPS (lpj=8783520)
[    0.012022] pid_max: default: 32768 minimum: 301
[    0.014907] ACPI: Core revision 20150930
[    0.020639] ACPI: 2 ACPI AML tables successfully acquired and loaded
[    0.024731] Security Framework initialized
[    0.027322] Yama: becoming mindful.
[    0.028066] AppArmor: AppArmor initialized
[    0.032137] Dentry cache hash table entries: 32768 (order: 6, 262144 bytes)
[    0.036143] Inode-cache hash table entries: 16384 (order: 5, 131072 bytes)
[    0.040162] Mount-cache hash table entries: 512 (order: 0, 4096 bytes)
[    0.044038] Mountpoint-cache hash table entries: 512 (order: 0, 4096 bytes)
[    0.052360] Initializing cgroup subsys io
[    0.056041] Initializing cgroup subsys memory
[    0.060047] Initializing cgroup subsys devices
[    0.062907] Initializing cgroup subsys freezer
[    0.064061] Initializing cgroup subsys net_cls
[    0.068035] Initializing cgroup subsys perf_event
[    0.072035] Initializing cgroup subsys net_prio
[    0.076046] Initializing cgroup subsys hugetlb
[    0.080032] Initializing cgroup subsys pids
[    0.088028] FEATURE SPEC_CTRL Not Present
[    0.092019] FEATURE IBPB Not Present
[    0.096019] Disabling indirect branch predictor support
[    0.100740] CPU: Physical Processor ID: 0
[    0.104020] CPU: Processor Core ID: 0
[    0.119184] mce: CPU supports 0 MCE banks
[    0.120062] Last level iTLB entries: 4KB 512, 2MB 8, 4MB 4
[    0.124023] Last level dTLB entries: 4KB 512, 2MB 256, 4MB 128, 1GB 0
[    0.128023] Spectre V2 mitigation: Mitigation: Full AMD retpoline
[    0.132021] Spectre V2 mitigation: Speculation control IBPB not-supported IBRS not-supported
[    0.143966] Freeing SMP alternatives memory: 32K
[    0.176687] ftrace: allocating 32186 entries in 126 pages
[    0.244194] smpboot: APIC(0) Converting physical 0 to logical package 0
[    0.248027] smpboot: Max logical packages: 1
[    0.256251] x2apic enabled
[    0.260030] Switched APIC routing to physical x2apic.
[    0.272500] ..TIMER: vector=0x30 apic1=0 pin1=2 apic2=-1 pin2=-1
[    0.280000] APIC calibration not consistent with PM-Timer: 114ms instead of 100ms
[    0.280000] APIC delta adjusted to PM-Timer: 6250154 (7133722)
[    0.280130] smpboot: CPU0: AMD A8-7410 APU with AMD Radeon R5 Graphics (family: 0x16, model: 0x30, stepping: 0x1)
[    0.285435] Performance Events: Broken PMU hardware detected, using software events only.
[    0.291632] Failed to access perfctr msr (MSR c0010007 is 0)
[    0.292101] KVM setup paravirtual spinlock
[    0.297502] x86: Booting SMP configuration:
[    0.300018] .... node  #0, CPUs:      #1
[    0.008000] kvm-clock: cpu 1, msr 0:ffe3041, secondary cpu clock
[    0.008000] mce: CPU supports 0 MCE banks
[    0.320882] x86: Booted up 1 node, 2 CPUs
[    0.324037] smpboot: Total of 2 processors activated (8783.52 BogoMIPS)
[    0.332134] devtmpfs: initialized
[    0.353920] evm: security.selinux
[    0.368012] evm: security.SMACK64
[    0.384021] evm: security.SMACK64EXEC
[    0.408031] evm: security.SMACK64TRANSMUTE
[    0.448020] evm: security.SMACK64MMAP
[    0.452016] evm: security.ima
[    0.464013] evm: security.capability
[    0.482146] clocksource: jiffies: mask: 0xffffffff max_cycles: 0xffffffff, max_idle_ns: 7645041785100000 ns
[    0.500127] futex hash table entries: 512 (order: 3, 32768 bytes)
[    0.515662] pinctrl core: initialized pinctrl subsystem
[    0.532359] RTC time:  4:07:31, date: 04/05/18
[    0.568679] NET: Registered protocol family 16
[    0.608823] cpuidle: using governor ladder
[    0.625568] cpuidle: using governor menu
[    0.640042] PCCT header not found.
[    0.652705] ACPI: bus type PCI registered
[    0.656019] acpiphp: ACPI Hot Plug PCI Controller Driver version: 0.5
[    0.688269] PCI: Using configuration type 1 for base access
[    0.700012] PCI: Using configuration type 1 for extended access
[    0.749437] ACPI: Added _OSI(Module Device)
[    0.752016] ACPI: Added _OSI(Processor Device)
[    0.760015] ACPI: Added _OSI(3.0 _SCP Extensions)
[    0.760015] ACPI: Added _OSI(Processor Aggregator Device)
[    0.769367] ACPI: Executed 1 blocks of module-level executable AML code
[    0.782827] ACPI: Interpreter enabled
[    0.808056] ACPI: (supports S0 S5)
[    0.832016] ACPI: Using IOAPIC for interrupt routing
[    0.860488] PCI: Using host bridge windows from ACPI; if necessary, use "pci=nocrs" and report a bug
[    0.890763] ACPI: PCI Root Bridge [PCI0] (domain 0000 [bus 00-ff])
[    0.904035] acpi PNP0A03:00: _OSC: OS supports [ExtendedConfig ASPM ClockPM Segments MSI]
[    0.908154] acpi PNP0A03:00: _OSC: OS now controls [PCIeHotplug PME AER PCIeCapability]
[    0.924663] PCI host bridge to bus 0000:00
[    0.944027] pci_bus 0000:00: root bus resource [io  0x0000-0x0cf7 window]
[    0.952027] pci_bus 0000:00: root bus resource [io  0x0d00-0xffff window]
[    0.960026] pci_bus 0000:00: root bus resource [mem 0x000a0000-0x000bffff window]
[    0.992023] pci_bus 0000:00: root bus resource [mem 0x10000000-0xffdfffff window]
[    1.044039] pci_bus 0000:00: root bus resource [bus 00-ff]
[    1.076000] pci 0000:00:01.1: legacy IDE quirk: reg 0x10: [io  0x01f0-0x01f7]
[    1.092032] pci 0000:00:01.1: legacy IDE quirk: reg 0x14: [io  0x03f6]
[    1.148031] pci 0000:00:01.1: legacy IDE quirk: reg 0x18: [io  0x0170-0x0177]
[    1.204037] pci 0000:00:01.1: legacy IDE quirk: reg 0x1c: [io  0x0376]
[    1.344000] pci 0000:00:07.0: quirk: [io  0x4000-0x403f] claimed by PIIX4 ACPI
[    1.432127] pci 0000:00:07.0: quirk: [io  0x4100-0x410f] claimed by PIIX4 SMB
[    1.568267] ACPI: PCI Interrupt Link [LNKA] (IRQs 5 9 10 *11)
[    1.577525] ACPI: PCI Interrupt Link [LNKB] (IRQs 5 9 10 *11)
[    1.588288] ACPI: PCI Interrupt Link [LNKC] (IRQs 5 9 *10 11)
[    1.597290] ACPI: PCI Interrupt Link [LNKD] (IRQs 5 *9 10 11)
[    1.605910] ACPI: Enabled 2 GPEs in block 00 to 07
[    1.620827] vgaarb: setting as boot device: PCI:0000:00:02.0
[    1.624000] vgaarb: device added: PCI:0000:00:02.0,decodes=io+mem,owns=io+mem,locks=none
[    1.784022] vgaarb: loaded
[    1.840016] vgaarb: bridge control possible 0000:00:02.0
[    1.924624] SCSI subsystem initialized
[    1.976149] ACPI: bus type USB registered
[    2.016224] usbcore: registered new interface driver usbfs
[    2.084082] usbcore: registered new interface driver hub
[    2.132050] usbcore: registered new device driver usb
[    2.228023] PCI: Using ACPI for IRQ routing
[    2.332581] NetLabel: Initializing
[    2.360015] NetLabel:  domain hash size = 128
[    2.388013] NetLabel:  protocols = UNLABELED CIPSOv4
[    2.452060] NetLabel:  unlabeled traffic allowed by default
[    2.588141] amd_nb: Cannot enumerate AMD northbridges
[    2.636132] clocksource: Switched to clocksource kvm-clock
[    2.788205] AppArmor: AppArmor Filesystem Enabled
[    2.820432] pnp: PnP ACPI init
[    2.844249] pnp: PnP ACPI: found 3 devices
[    2.907297] clocksource: acpi_pm: mask: 0xffffff max_cycles: 0xffffff, max_idle_ns: 2085701024 ns
[    2.962395] NET: Registered protocol family 2
[    2.998034] TCP established hash table entries: 2048 (order: 2, 16384 bytes)
[    3.026044] TCP bind hash table entries: 2048 (order: 3, 32768 bytes)
[    3.056651] TCP: Hash tables configured (established 2048 bind 2048)
[    3.088113] UDP hash table entries: 256 (order: 1, 8192 bytes)
[    3.119910] UDP-Lite hash table entries: 256 (order: 1, 8192 bytes)
[    3.155090] NET: Registered protocol family 1
[    3.173871] pci 0000:00:00.0: Limiting direct PCI/PCI transfers
[    3.196788] pci 0000:00:01.0: Activating ISA DMA hang workarounds
[    3.213849] Unpacking initramfs...
[    7.852021] Freeing initrd memory: 10876K
[    7.885997] clocksource: tsc: mask: 0xffffffffffffffff max_cycles: 0x1fa6ff058a4, max_idle_ns: 440795278046 ns
[    7.904296] platform rtc_cmos: registered platform RTC device (no PNP device found)
[    7.904382] Scanning for low memory corruption every 60 seconds
[    7.905275] audit: initializing netlink subsys (disabled)
[    7.905311] audit: type=2000 audit(1522901262.668:1): initialized
[    7.906303] Initialise system trusted keyring
[    7.906649] HugeTLB registered 2 MB page size, pre-allocated 0 pages
[    7.910496] zbud: loaded
[    7.911278] VFS: Disk quotas dquot_6.6.0
[    7.911383] VFS: Dquot-cache hash table entries: 512 (order 0, 4096 bytes)
[    7.912204] squashfs: version 4.0 (2009/01/31) Phillip Lougher
[    7.922458] fuse init (API version 7.23)
[    7.922797] Key type big_key registered
[    7.922826] Allocating IMA MOK and blacklist keyrings.
[    7.926204] Key type asymmetric registered
[    7.926210] Asymmetric key parser 'x509' registered
[    7.934405] Block layer SCSI generic (bsg) driver version 0.4 loaded (major 249)
[    7.934527] io scheduler noop registered
[    7.934531] io scheduler deadline registered (default)
[    7.934624] io scheduler cfq registered
[    7.934937] pci_hotplug: PCI Hot Plug PCI Core version: 0.5
[    7.934950] pciehp: PCI Express Hot Plug Controller Driver version: 0.4
[    7.935293] ACPI: AC Adapter [AC] (on-line)
[    7.935459] input: Power Button as /devices/LNXSYSTM:00/LNXPWRBN:00/input/input0
[    7.935480] ACPI: Power Button [PWRF]
[    7.936540] input: Sleep Button as /devices/LNXSYSTM:00/LNXSLPBN:00/input/input1
[    7.936545] ACPI: Sleep Button [SLPF]
[    7.937009] GHES: HEST is not enabled!
[    7.937289] Serial: 8250/16550 driver, 32 ports, IRQ sharing enabled
[    7.981407] 00:02: ttyS0 at I/O 0x3f8 (irq = 4, base_baud = 115200) is a 16550A
[    7.994644] Linux agpgart interface v0.103
[    8.011483] ACPI: Battery Slot [BAT0] (battery present)
[    8.015445] loop: module loaded
[    8.024262] scsi host0: ata_piix
[    8.024468] scsi host1: ata_piix
[    8.024552] ata1: PATA max UDMA/33 cmd 0x1f0 ctl 0x3f6 bmdma 0xd000 irq 14
[    8.024555] ata2: PATA max UDMA/33 cmd 0x170 ctl 0x376 bmdma 0xd008 irq 15
[    8.024800] libphy: Fixed MDIO Bus: probed
[    8.024805] tun: Universal TUN/TAP device driver, 1.6
[    8.024806] tun: (C) 1999-2004 Max Krasnyansky <maxk@qualcomm.com>
[    8.031147] PPP generic driver version 2.4.2
[    8.031447] ehci_hcd: USB 2.0 'Enhanced' Host Controller (EHCI) Driver
[    8.031460] ehci-pci: EHCI PCI platform driver
[    8.031512] ehci-platform: EHCI generic platform driver
[    8.031532] ohci_hcd: USB 1.1 'Open' Host Controller (OHCI) Driver
[    8.031567] ohci-pci: OHCI PCI platform driver
[    8.031591] ohci-platform: OHCI generic platform driver
[    8.031636] uhci_hcd: USB Universal Host Controller Interface driver
[    8.031889] i8042: PNP: PS/2 Controller [PNP0303:PS2K,PNP0f03:PS2M] at 0x60,0x64 irq 1,12
[    8.037724] serio: i8042 KBD port at 0x60,0x64 irq 1
[    8.037739] serio: i8042 AUX port at 0x60,0x64 irq 12
[    8.038165] mousedev: PS/2 mouse device common for all mice
[    8.039039] rtc_cmos rtc_cmos: rtc core: registered rtc_cmos as rtc0
[    8.039185] rtc_cmos rtc_cmos: alarms up to one day, 114 bytes nvram
[    8.039202] i2c /dev entries driver
[    8.039392] device-mapper: uevent: version 1.0.3
[    8.039568] device-mapper: ioctl: 4.34.0-ioctl (2015-10-28) initialised: dm-devel@redhat.com
[    8.039618] ledtrig-cpu: registered to indicate activity on CPUs
[    8.048410] NET: Registered protocol family 10
[    8.048919] NET: Registered protocol family 17
[    8.048954] Key type dns_resolver registered
[    8.049366] microcode: CPU0: patch_level=0x06000626
[    8.054404] microcode: CPU1: patch_level=0x06000626
[    8.054580] microcode: Microcode Update Driver: v2.01 <tigran@aivazian.fsnet.co.uk>, Peter Oruba
[    8.054956] registered taskstats version 1
[    8.054990] Loading compiled-in X.509 certificates
[    8.060031] Loaded X.509 cert 'Build time autogenerated kernel key: aa84f01984fbd529c105810b59e379d349698248'
[    8.060200] zswap: loaded using pool lzo/zbud
[    8.065206] Key type trusted registered
[    8.104664] input: AT Translated Set 2 keyboard as /devices/platform/i8042/serio0/input/input2
[    8.107755] Key type encrypted registered
[    8.107796] AppArmor: AppArmor sha1 policy hashing enabled
[    8.107803] ima: No TPM chip found, activating TPM-bypass!
[    8.107882] evm: HMAC attrs: 0x1
[    8.108632]   Magic number: 14:846:109
[    8.115531] rtc_cmos rtc_cmos: setting system clock to 2018-04-05 04:07:39 UTC (1522901259)
[    8.116351] BIOS EDD facility v0.16 2004-Jun-25, 0 devices found
[    8.116352] EDD information not available.
[    8.626809] Freeing unused kernel memory: 1508K
[    8.634687] Write protecting the kernel read-only data: 14336k
[    8.653375] Freeing unused kernel memory: 1700K
[    8.658403] Freeing unused kernel memory: 104K
Loading, please wait...
starting version 229
[    8.839823] random: systemd-udevd: uninitialized urandom read (16 bytes read, 3 bits of entropy available)
[    8.880979] random: systemd-udevd: uninitialized urandom read (16 bytes read, 3 bits of entropy available)
[    8.907825] random: udevadm: uninitialized urandom read (16 bytes read, 3 bits of entropy available)
[    8.907991] random: udevadm: uninitialized urandom read (16 bytes read, 3 bits of entropy available)
[    8.973551] random: systemd-udevd: uninitialized urandom read (16 bytes read, 3 bits of entropy available)
[    8.984911] random: systemd-udevd: uninitialized urandom read (16 bytes read, 3 bits of entropy available)
[    9.051133] random: systemd-udevd: uninitialized urandom read (16 bytes read, 3 bits of entropy available)
[    9.074733] random: systemd-udevd: uninitialized urandom read (16 bytes read, 3 bits of entropy available)
[    9.092663] random: udevadm: uninitialized urandom read (16 bytes read, 3 bits of entropy available)
[    9.092796] random: udevadm: uninitialized urandom read (16 bytes read, 3 bits of entropy available)
[    9.541839] Fusion MPT base driver 3.04.20
[    9.600957] Copyright (c) 1999-2008 LSI Corporation
[    9.637095] e1000: Intel(R) PRO/1000 Network Driver - version 7.3.21-k8-NAPI
[    9.641936] e1000: Copyright (c) 1999-2006 Intel Corporation.
[    9.783305] AVX version of gcm_enc/dec engaged.
[    9.799315] AES CTR mode by8 optimization enabled
[    9.890358] input: ImExPS/2 Generic Explorer Mouse as /devices/platform/i8042/serio1/input/input4
[    9.970534] Fusion MPT SPI Host driver 3.04.20
[   10.400342] e1000 0000:00:03.0 eth0: (PCI:33MHz:32-bit) 02:d9:fe:34:b4:72
[   10.468942] e1000 0000:00:03.0 eth0: Intel(R) PRO/1000 Network Connection
[   10.538813] mptbase: ioc0: Initiating bringup
[   10.723594] ioc0: LSI53C1030 A0: Capabilities={Initiator}
[   10.974999] scsi host2: ioc0: LSI53C1030 A0, FwRev=00000000h, Ports=1, MaxQ=256, IRQ=20
[   11.216700] scsi 2:0:0:0: Direct-Access     VBOX     HARDDISK         1.0  PQ: 0 ANSI: 5
[   11.361071] scsi target2:0:0: Beginning Domain Validation
[   11.404405] scsi target2:0:0: Domain Validation skipping write tests
[   11.441853] scsi target2:0:0: Ending Domain Validation
[   11.460246] scsi target2:0:0: asynchronous
[   11.519221] scsi 2:0:1:0: Direct-Access     VBOX     HARDDISK         1.0  PQ: 0 ANSI: 5
[   11.528268] scsi target2:0:1: Beginning Domain Validation
[   11.574154] scsi target2:0:1: Domain Validation skipping write tests
[   11.669265] scsi target2:0:1: Ending Domain Validation
[   11.730243] scsi target2:0:1: asynchronous
[   11.990316] sd 2:0:0:0: Attached scsi generic sg0 type 0
[   11.997069] sd 2:0:0:0: [sda] 20971520 512-byte logical blocks: (10.7 GB/10.0 GiB)
[   12.004801] sd 2:0:0:0: [sda] Write Protect is off
[   12.007991] sd 2:0:0:0: [sda] Incomplete mode parameter data
[   12.007995] sd 2:0:0:0: [sda] Assuming drive cache: write through
[   12.040245]  sda: sda1
[   12.041217] sd 2:0:0:0: [sda] Attached SCSI disk
[   12.047376] e1000 0000:00:08.0 eth1: (PCI:33MHz:32-bit) 08:00:27:0c:01:a6
[   12.047391] e1000 0000:00:08.0 eth1: Intel(R) PRO/1000 Network Connection
[   12.125045] e1000 0000:00:03.0 enp0s3: renamed from eth0
[   12.276078] sd 2:0:1:0: [sdb] 20480 512-byte logical blocks: (10.5 MB/10.0 MiB)
[   12.308566] sd 2:0:1:0: Attached scsi generic sg1 type 0
[   12.352485] sd 2:0:1:0: [sdb] Write Protect is off
[   12.364338] sd 2:0:1:0: [sdb] Incomplete mode parameter data
[   12.402657] sd 2:0:1:0: [sdb] Assuming drive cache: write through
[   12.430819] e1000 0000:00:08.0 enp0s8: renamed from eth1
[   12.501848] sd 2:0:1:0: [sdb] Attached SCSI disk
[   12.675378] floppy0: no floppy controllers found
Begin: Loading e[   15.452095] md: linear personality registered for level -1
ssential drivers ... [   15.561844] md: multipath personality registered for level -4
[   15.652113] md: raid0 personality registered for level 0
[   15.765606] md: raid1 personality registered for level 1
[   15.933137] raid6: sse2x1   gen()   252 MB/s
[   16.096351] raid6: sse2x1   xor()  1684 MB/s
[   16.208410] raid6: sse2x2   gen()   737 MB/s
[   16.368216] raid6: sse2x2   xor()  1770 MB/s
[   16.496308] raid6: sse2x4   gen()  1016 MB/s
[   16.616270] raid6: sse2x4   xor()  1388 MB/s
[   16.705994] raid6: using algorithm sse2x4 gen() 1016 MB/s
[   16.820606] raid6: .... xor() 1388 MB/s, rmw enabled
[   16.887524] raid6: using ssse3x2 recovery algorithm
[   16.973611] xor: automatically using best checksumming function:
[   17.100260]    avx       :   293.000 MB/sec
[   17.214394] async_tx: api initialized (async)
[   17.309337] md: raid6 personality registered for level 6
[   17.355836] md: raid5 personality registered for level 5
[   17.423952] md: raid4 personality registered for level 4
[   17.486863] md: raid10 personality registered for level 10
done.
Begin: Running /scripts/init-premount ... done.
Begin: Mounting root file system ... Begin: Running /scripts/local-top ... done.
Begin: Running /scripts/loca[   17.734854] Btrfs loaded
l-premount ... Scanning for Btrfs filesystems
done.
Warning: fsck not present, so skipping root file system
[   18.309744] EXT4-fs (sda1): mounted filesystem with ordered data mode. Opts: (null)
done.
Begin: Running /scripts/local-bottom ... done.
Begin: Running /scripts/init-bottom ... done.
[   19.100284] random: nonblocking pool is initialized
[  21.131262] systemd[1]: systemd 229 running in system mode. (+PAM +AUDIT +SELINUX +IMA +APPARMOR +SMACK +SYSVINIT +UTMP +LIBCRYPTSETUP +GCRYPT +GNUTLS +ACL +XZ -LZ4 +SECCOMP +BLKID +ELFUTILS +KMOD -IDN)
[   21.273308] systemd[1]: Detected virtualization oracle.
[   21.304314] systemd[1]: Detected architecture x86-64.

Welcome to [1mUbuntu 16.04.4 LTS[0m!

[   21.591548] systemd[1]: Set hostname to <ubuntu-xenial>.
[   23.711223] systemd[1]: Started Trigger resolvconf update for networkd DNS.
[[0;32m  OK  [0m] Started Trigger resolvconf update for networkd DNS.
[   23.966908] systemd[1]: Reached target Swap.
[[0;32m  OK  [0m] Reached target Swap.
[   23.979054] systemd[1]: Listening on udev Kernel Socket.
[[0;32m  OK  [0m] Listening on udev Kernel Socket.
[   24.028687] systemd[1]: Listening on LVM2 metadata daemon socket.
[[0;32m  OK  [0m] Listening on LVM2 metadata daemon socket.
[   24.140800] systemd[1]: Started Forward Password Requests to Wall Directory Watch.
[[0;32m  OK  [0m] Started Forward Password Requests to Wall Directory Watch.
[   24.317332] systemd[1]: Listening on Syslog Socket.
[[0;32m  OK  [0m] Listening on Syslog Socket.
[   24.446162] systemd[1]: Created slice System Slice.
[[0;32m  OK  [0m] Created slice System Slice.
[   24.514349] systemd[1]: Listening on Journal Audit Socket.
[[0;32m  OK  [0m] Listening on Journal Audit Socket.
[   24.636666] systemd[1]: Listening on Journal Socket (/dev/log).
[[0;32m  OK  [0m] Listening on Journal Socket (/dev/log).
[   24.750871] systemd[1]: Created slice system-serial\x2dgetty.slice.
[[0;32m  OK  [0m] Created slice system-serial\x2dgetty.slice.
[   24.860744] systemd[1]: Listening on Journal Socket.
[[0;32m  OK  [0m] Listening on Journal Socket.
[   25.015310] systemd[1]: Starting Create list of required static device nodes for the current kernel...
         Starting Create list of required st... nodes for the current kernel...
[   25.320533] systemd[1]: Mounting Debug File System...
         Mounting Debug File System...
[   25.446449] systemd[1]: Starting Uncomplicated firewall...
         Starting Uncomplicated firewall...
[   25.466696] systemd[1]: Set up automount Arbitrary Executable File Formats File System Automount Point.
[[0;32m  OK  [0m] Set up automount Arbitrary Executab...ats File System Automount Point.
[   25.591303] systemd[1]: Listening on Device-mapper event daemon FIFOs.
[[0;32m  OK  [0m] Listening on Device-mapper event daemon FIFOs.
[   25.719131] systemd[1]: Starting Monitoring of LVM2 mirrors, snapshots etc. using dmeventd or progress polling...
         Starting Monitoring of LVM2 mirrors... dmeventd or progress polling...
[   25.840762] systemd[1]: Starting Remount Root and Kernel File Systems...
[   25.883443] EXT4-fs (sda1): re-mounted. Opts: (null)
         Starting Remount Root and Kernel File Systems...
[   25.998031] systemd[1]: Starting Nameserver information manager...
         Starting Nameserver information manager...
[   26.057731] systemd[1]: Listening on LVM2 poll daemon socket.
[[0;32m  OK  [0m] Listening on LVM2 poll daemon socket.
[   26.267025] systemd[1]: Starting Journal Service...
         Starting Journal Service...
[   26.384819] systemd[1]: Reached target System Time Synchronized.
[[0;32m  OK  [0m] Reached target System Time Synchronized.
[   26.645980] systemd[1]: Starting Load Kernel Modules...
         Starting Load Kernel Mo[   26.759428] Loading iSCSI transport class v2.0-870.
dules...
[   26.796652] systemd[1]: Reached target User and Group Name Lookups.
[[0;32m  OK  [0m] Reached target User and Group[   26.883936] iscsi: registered transport (tcp)
 Name Lookups.
[   26.957796] systemd[1]: Mounting Huge Pages File System...
         Mounting Huge Pages File System...
[   27.040678] systemd[1]: Listening on /dev/initctl Compatibility Named Pipe.
[[0;32m  OK  [0m] Listening on /dev/initctl Compatibility Named Pipe.
[   27.153880] systemd[1]: Created slice User and Session Slice.
[   27.185063] iscsi: registered transport (iser)
[[0;32m  OK  [0m] Created slice User and Session Slice.
[   27.288664] systemd[1]: Reached target Slices.
[[0;32m  OK  [0m] Reached target Slices.
[   27.363902] systemd[1]: Mounting POSIX Message Queue File System...
         Mounting POSIX Message Queue File System...
[   27.480638] systemd[1]: Starting Set console keymap...
         Starting Set console keymap...
[   27.557882] systemd[1]: Listening on udev Control Socket.
[[0;32m  OK  [0m] Listening on udev Control Socket.
[   27.612628] systemd[1]: Reached target Encrypted Volumes.
[[0;32m  OK  [0m] Reached target Encrypted Volumes.
[   27.792271] systemd[1]: Mounted POSIX Message Queue File System.
[[0;32m  OK  [0m] Mounted POSIX Message Queue File System.
[   27.940773] systemd[1]: Mounted Debug File System.
[[0;32m  OK  [0m] Mounted Debug File System.
[   28.189542] systemd[1]: Mounted Huge Pages File System.
[[0;32m  OK  [0m] Mounted Huge Pages File System.
[   28.231435] systemd[1]: Started Journal Service.
[[0;32m  OK  [0m] Started Journal Service.
[[0;32m  OK  [0m] Started Create list of required sta...ce nodes for the current kernel.
[[0;32m  OK  [0m] Started Uncomplicated firewall.
[[0;32m  OK  [0m] Started Remount Root and Kernel File Systems.
[[0;32m  OK  [0m] Started Load Kernel Modules.
[[0;32m  OK  [0m] Started Set console keymap.
[[0;32m  OK  [0m] Started Nameserver information manager.
[[0;32m  OK  [0m] Started LVM2 metadata daemon.
         Starting Apply Kernel Variables...
         Mounting FUSE Control File System...
         Starting Initial cloud-init job (pre-networking)...
         Starting udev Coldplug all Devices...
         Starting Load/Save Random Seed...
         Starting Create Static Device Nodes in /dev...
         Starting Flush Journal to Persistent Storage...
[[0;32m  OK  [0m] Mounted FUSE Control File System.
[[0;32m  OK  [0m] Started Apply Kernel Variables.
[[0;32m  OK  [0m] Started Load/Save Random Seed.
[[0;32m  OK  [0m] Started udev Coldplug all Devices.
[[0;32m  OK  [0m] Started Flush Journal to Persistent Storage.
[[0;32m  OK  [0m] Started Monitoring of LVM2 mirrors,...ng dmeventd or progress polling.
[[0;32m  OK  [0m] Started Create Static Device Nodes in /dev.
         Starting udev Kernel Device Manager...
[[0;32m  OK  [0m] Started udev Kernel Device Manager.
[[0;32m  OK  [0m] Started Dispatch Password Requests to Console Directory Watch.
[[0;32m  OK  [0m] Reached target Local File Systems (Pre).
[[0;32m  OK  [0m] Reached target Local File Systems.
         Starting Create Volatile Files and Directories...
         Starting Set console font and keymap...
         Starting Tell Plymouth To Write Out Runtime Data...
         Starting LSB: AppArmor initialization...
[[0;32m  OK  [0m] Started Tell Plymouth To Write Out Runtime Data.
[[0;32m  OK  [0m] Started Create Volatile Files and Directories.
         Starting Update UTMP about System Boot/Shutdown...
[[0;32m  OK  [0m] Found device /dev/ttyS0.
[[0;32m  OK  [0m] Started Update UTMP about System Boot/Shutdown.
[[0;32m  OK  [0m] Found device 82540EM Gigabit Ethern...r (PRO/1000 MT Desktop Adapter).
[[0;32m  OK  [0m] Found device 82540EM Gigabit Ethern...r (PRO/1000 MT Desktop Adapter).
[[0;32m  OK  [0m] Listening on Load/Save RF Kill Switch Status /dev/rfkill Watch.
[[0;32m  OK  [0m] Started Set console font and keymap.
[[0;32m  OK  [0m] Created slice system-getty.slice.
[[0;32m  OK  [0m] Started LSB: AppArmor initialization.
[   49.503253] cloud-init[440]: Cloud-init v. 17.2 running 'init-local' at Thu, 05 Apr 2018 04:08:17 +0000. Up 46.56 seconds.
[[0;32m  OK  [0m] Started Initial cloud-init job (pre-networking).
[[0;32m  OK  [0m] Reached target Network (Pre).
         Starting Raise network interfaces...
[[0;32m  OK  [0m] Started ifup for enp0s3.
[[0;32m  OK  [0m] Started ifup for enp0s8.
[[0;32m  OK  [0m] Started Raise network interfaces.
         Starting Initial cloud-init job (metadata service crawler)...
[[0;32m  OK  [0m] Reached target Network.
[   55.832566] cloud-init[1073]: Cloud-init v. 17.2 running 'init' at Thu, 05 Apr 2018 04:08:24 +0000. Up 53.16 seconds.
[   55.840223] cloud-init[1073]: ci-info: +++++++++++++++++++++++++++++++++++++Net device info++++++++++++++++++++++++++++++++++++++
[   56.045497] cloud-init[1073]: ci-info: +--------+------+----------------------------+---------------+-------+-------------------+
[[0;32m  OK  [0m] Started Initial cloud-init job (metadata service crawler).
[[0;32m  OK  [0m] Reached target Network is Online.
[   56.159778] cloud-init[1073]: ci-info: | Device |  Up  |          Address           |      Mask     | Scope |     Hw-Address    |
         Starting iSCSI initiator daemon (iscsid)...
[[0;32m  OK  [0m] Reached target System Initialization.
[[0;32m  OK  [0m] [   56.421521] Listening on ACPID Listen Socket.cloud-init
[1073]: ci-info: +--------+------+----------------------------+---------------+-------+-------------------+
[   56.676925] cloud-init[1073]: ci-info: | enp0s3 | True |         10.0.2.15          | 255.255.255.0 |   .   | 02:d9:fe:34:b4:72 |
[   56.677325] cloud-init[1073]: ci-info: | enp0s3 | True | fe80::d9:feff:fe34:b472/64 |       .       |  link | 02:d9:fe:34:b4:72 |
[[0;32m  OK  [0m] Listening on D-Bus System Message Bus Socket.
[   56.677563] cloud-init[1073]: ci-info: | enp0s8 | True |        192.168.0.3         | 255.255.255.0 |   .   | 08:00:27:0c:01:a6 |
[   57.172727] cloud-init[1073]: ci-info: | enp0s8 | True | fe80::a00:27ff:fe0c:1a6/64 |       .       |  link | 08:00:27:0c:01:a6 |
[   57.308939] cloud-init[1073]: ci-info: |   lo   | True |         127.0.0.1          |   255.0.0.0   |   .   |         .         |
[   57.468978] cloud-init[1073]: ci-info: |   lo   | True |          ::1/128           |       .       |  host |         .         |
[   57.616805] cloud-init[1073]: ci-info: +--------+------+----------------------------+---------------+-------+-------------------+
[   57.744735] cloud-init[1073]: ci-info: +++++++++++++++++++++++++++Route IPv4 info++++++++++++++++++++++++++++
[   57.745135] cloud-init[1073]: ci-info: +-------+-------------+----------+---------------+-----------+-------+
[[0;32m  OK  [0m] Started Timer to automatically refresh installed snaps.
[   57.745317] cloud-init[1073]: ci-info: | Route | Destination | Gateway  |    Genmask    | Interface | Flags |
[   58.232857] cloud-init[1073]: ci-info: +-------+-------------+----------+---------------+-----------+-------+
[   58.233255] cloud-init[1073]: ci-info: |   0   |   0.0.0.0   | 10.0.2.2 |    0.0.0.0    |   enp0s3  |   UG  |
         Starting LXD - unix socket.
[[0;32m  OK  [0m] Listening on UUID daemon activation socket.
[[0;32m  OK  [0m] Started Daily Cleanup of Temporary Directories.
[   58.233440] cloud-init[1073]: ci-info: |   1   |   10.0.2.0  | 0.0.0.0  | 255.255.255.0 |   enp0s3  |   U   |
[   58.752786] cloud-init[1073]: ci-info: |   2   | 192.168.0.0 | 0.0.0.0  | 255.255.255.0 |   enp0s8  |   U   |
[   58.857578] cloud-init[1073]: ci-info: +-------+-------------+----------+---------------+-----------+-------+
[[0;32m  OK  [0m] Started ACPI Events Check.
[[0;32m  OK  [0m] Reached target Paths.
[[0;32m  OK  [0m] Started Daily apt download activities.
[[0;32m  OK  [0m] Started Daily apt upgrade and clean activities.
[[0;32m  OK  [0m] Reached target Timers.
         Starting Socket activation for snappy daemon.
[[0;32m  OK  [0m] Reached target Cloud-config availability.
[[0;32m  OK  [0m] Listening on LXD - unix socket.
[[0;32m  OK  [0m] Listening on Socket activation for snappy daemon.
[[0;32m  OK  [0m] Reached target Sockets.
[[0;32m  OK  [0m] Reached target Basic System.
         Starting Virtualbox guest utils...
         Starting The PHP 7.0 FastCGI Process Manager...
[[0;32m  OK  [0m] Started D-Bus System Message Bus.
         Starting Login Service...
[[0;32m  OK  [0m] Started ACPI event daemon.
[[0;32m  OK  [0m] Started Unattended Upgrades Shutdown.
         Starting /etc/rc.local Compatibility...
[[0;32m  OK  [0m] Started Deferred execution scheduler.
         Starting LSB: Record successful boot for GRUB...
         Starting Apply the settings specified in cloud-config...
         Starting Snappy daemon...
         Starting OpenBSD Secure Shell server...
[[0;32m  OK  [0m] Started FUSE filesystem for LXC.
[[0;32m  OK  [0m] Started Regular background program processing daemon.
         Starting LSB: MD monitoring daemon...
         Starting System Logging Service...
         Starting Accounts Service...
         Starting LXD - container startup/shutdown...
[[0;32m  OK  [0m] Started iSCSI initiator daemon (iscsid).
[[0;32m  OK  [0m] Started /etc/rc.local Compatibility.
         Starting Login to default iSCSI targets...
[[0;32m  OK  [0m] Started Login Service.
[[0;32m  OK  [0m] Started LSB: Record successful boot for GRUB.
[[0;32m  OK  [0m] Started LSB: MD monitoring daemon.
[[0;32m  OK  [0m] Started System Logging Service.
[[0;32m  OK  [0m] Started Login to default iSCSI targets.
[[0;32m  OK  [0m] Reached target Remote File Systems (Pre).
[[0;32m  OK  [0m] Reached target Remote File Systems.
         Starting Permit User Sessions...
         Starting LSB: automatic crash report generation...
         Starting LSB: Apache2 web server...
         Starting LSB: daemon to balance interrupts for SMP systems...
         Starting LSB: Set the CPU Frequency Scaling governor to "ondemand"...
[[0;32m  OK  [0m] Started OpenBSD Secure Shell server.
[[0;32m  OK  [0m] Started Permit User Sessions.
         Starting Terminate Plymouth Boot Screen...
         Starting Hold until boot process finishes up...
[[0;32m  OK  [0m] Started LSB: Set the CPU Frequency Scaling governor to "ondemand".
[[0;32m  OK  [0m] Started Terminate Plymouth Boot Screen.
[[0;32m  OK  [0m] Started LSB: automatic crash report generation.
[[0;32m  OK  [0m] Started LSB: daemon to balance interrupts for SMP systems.
[[0;32m  OK  [0m] Started Hold until boot process finishes up.
[[0;32m  OK  [0m] Started Virtualbox guest utils.
[[0;32m  OK  [0m] Started Getty on tty1.
         Starting Set console scheme...
[[0;32m  OK  [0m] Started Serial Getty on ttyS0.
[[0;32m  OK  [0m] Reached target Login Prompts.
[[0;32m  OK  [0m] Started Set console scheme.
         Starting Authenticate and Authorize Users to Run Privileged Tasks...
[[0;32m  OK  [0m] Started The PHP 7.0 FastCGI Process Manager.
[   70.489948] cloud-init[1166]: Cloud-init v. 17.2 running 'modules:config' at Thu, 05 Apr 2018 04:08:39 +0000. Up 68.51 seconds.
[[0;32m  OK  [0m] Started Authenticate and Authorize Users to Run Privileged Tasks.
[[0;32m  OK  [0m] Started Apply the settings specified in cloud-config.
[[0;32m  OK  [0m] Started Accounts Service.
[[0;32m  OK  [0m] Created slice User Slice of vagrant.
         Starting User Manager for UID 1000...
[[0;32m  OK  [0m] Started Session 1 of user vagrant.
[[0;32m  OK  [0m] Started User Manager for UID 1000.
[[0;32m  OK  [0m] Started Snappy daemon.
[[0;32m  OK  [0m] Started LXD - container startup/shutdown.

Ubuntu 16.04.4 LTS ubuntu-xenial ttyS0

ubuntu-xenial login: [   77.266235] cloud-init[1501]: Cloud-init v. 17.2 running 'modules:final' at Thu, 05 Apr 2018 04:08:47 +0000. Up 76.37 seconds.
[   77.267470] cloud-init[1501]: Cloud-init v. 17.2 finished at Thu, 05 Apr 2018 04:08:48 +0000. Datasource DataSourceNoCloud [seed=/dev/sdb][dsmode=net].  Up 77.23 seconds
[[0;32m  OK  [0m] Stopped target Timers.
         Stopping Authenticate and Authorize Users to Run Privileged Tasks...
[[0;32m  OK  [0m] Stopped Daily apt upgrade and clean activities.
         Stopping User Manager for UID 1000...
[[0;32m  OK  [0m] Stopped Timer to automatically refresh installed snaps.
[[0;32m  OK  [0m] Stopped target Cloud-init target.
[[0;32m  OK  [0m]u         Stopping The PHP 7.0 FastCGI Process Manager...
         Stopping LSB: daemon to balance interrupts for SMP systems...
         Stopping OpenBSD Secure Shell server...
         Stopping LSB: automatic crash report generation...
         Stopping Regular background program processing daemon...
         Stopping FUSE filesystem for LXC...
         Stopping LXD - container startup/shutdown...
         Stopping Deferred execution scheduler...
         Stopping Virtualbox guest utils...
         Stopping Unattended Upgrades Shutdown...
         Stopping D-Bus System Message Bus...
         Stopping LSB: Apache2 web server...
         Stopping LSB: Record successful boot for GRUB...
         Stopping LSB: Set the CPU Frequency Scaling governor to "ondemand"...
         Stopping LSB: MD monitoring daemon...
[[0;32m  OK  [0m] Stopped Daily apt download activities.
[[0;32m  OK  [0m] Stopped target System Time Synchronized.
         Stopping Accounts Service...
         Stopping System Logging Service...
[[0;32m  OK  [0m] Stopped Apply the settings specified in cloud-config.
[[0;32m  OK  [0m] Stopped target Cloud-config availability.
         Stopping ACPI event daemon...
[[0;32m  OK  [0m] Unmounted /var/lib/lxcfs.
[[0;32m  OK  [0m] Stopped Deferred execution scheduler.
[[0;32m  OK  [0m] Stopped ACPI event daemon.
[[0;32m  OK  [0m] Stopped Snappy daemon.
[[0;32m  OK  [0m] Stopped OpenBSD Secure Shell server.
[[0;32m  OK  [0m] Stopped Regular background program processing daemon.
[[0;32m  OK  [0m] Stopped System Logging Service.
[[0;32m  OK  [0m] Stopped Accounts Service.
[[0;32m  OK  [0m] Stopped Getty on tty1.
[[0;32m  OK  [0m] Stopped Serial Getty on ttyS0.
[[0;32m  OK  [0m] Stopped Authenticate and Authorize Users to Run Privileged Tasks.
[[0;32m  OK  [0m] Stopped User Manager for UID 1000.
[[0;32m  OK  [0m] Stopped The PHP 7.0 FastCGI Process Manager.
[[0;32m  OK  [0m] Stopped D-Bus System Message Bus.
[[0;32m  OK  [0m] Stopped FUSE filesystem for LXC.
[[0;32m  OK  [0m] Stopped Session 3 of user vagrant.
[[0;32m  OK  [0m] Stopped LXD - container startup/shutdown.
[[0;32m  OK  [0m] Stopped LSB: daemon to balance interrupts for SMP systems.
[[0;32m  OK  [0m] Stopped Unattended Upgrades Shutdown.
[[0;32m  OK  [0m] Stopped LSB: MD monitoring daemon.
[[0;32m  OK  [0m] Stopped LSB: automatic crash report generation.
[[0;32m  OK  [0m] Stopped LSB: Set the CPU Frequency Scaling governor to "ondemand".
[[0;32m  OK  [0m] Stopped LSB: Record successful boot for GRUB.
[[0;32m  OK  [0m] Stopped Virtualbox guest utils.
[[0;32m  OK  [0m] Removed slice User Slice of vagrant.
         Stopping Login Service...
[[0;32m  OK  [0m] Removed slice system-serial\x2dgetty.slice.
[[0;32m  OK  [0m] Removed slice system-getty.slice.
         Stopping Permit User Sessions...
[[0;32m  OK  [0m] Stopped /etc/rc.local Compatibility.
[[0;32m  OK  [0m] Stopped Login Service.
[[0;32m  OK  [0m] Stopped Permit User Sessions.
[[0;32m  OK  [0m] Stopped target User and Group Name Lookups.
[[0;32m  OK  [0m] Stopped LSB: Apache2 web server.
[[0;32m  OK  [0m] Stopped target Remote File Systems.
[[0;32m  OK  [0m] Stopped target Remote File Systems (Pre).
         Stopping Login to default iSCSI targets...
[[0;32m  OK  [0m] Stopped target Basic System.
[[0;32m  OK  [0m] Stopped target Slices.
[[0;32m  OK  [0m] Removed slice User and Session Slice.
[[0;32m  OK  [0m] Stopped target Paths.
[[0;32m  OK  [0m] Stopped Forward Password Requests to Wall Directory Watch.
[[0;32m  OK  [0m] Stopped Dispatch Password Requests to Console Directory Watch.
[[0;32m  OK  [0m] Stopped ACPI Events Check.
[[0;32m  OK  [0m] Stopped target Sockets.
[[0;32m  OK  [0m] Closed D-Bus System Message Bus Socket.
[[0;32m  OK  [0m] Closed Socket activation for snappy daemon.
[[0;32m  OK  [0m] Closed ACPID Listen Socket.
[[0;32m  OK  [0m] Closed LXD - unix socket.
[[0;32m  OK  [0m] Closed UUID daemon activation socket.
[[0;32m  OK  [0m] Stopped target System Initialization.
[[0;32m  OK  [0m] Stopped target Swap.
[[0;32m  OK  [0m] Stopped target Encrypted Volumes.
         Stopping Update UTMP about System Boot/Shutdown...
         Stopping Load/Save Random Seed...
[[0;32m  OK  [0m] Closed Syslog Socket.
[[0;32m  OK  [0m] Stopped Load/Save Random Seed.
[[0;32m  OK  [0m] Stopped Update UTMP about System Boot/Shutdown.
[[0;32m  OK  [0m] Stopped Create Volatile Files and Directories.
[[0;32m  OK  [0m] Stopped Login to default iSCSI targets.
         Stopping iSCSI initiator daemon (iscsid)...
[[0;32m  OK  [0m] Stopped iSCSI initiator daemon (iscsid).
[[0;32m  OK  [0m] Stopped target Network is Online.
[[0;32m  OK  [0m] Stopped Initial cloud-init job (metadata service crawler).
[[0;32m  OK  [0m] Stopped target Network.
         Stopping Raise network interfaces...
[[0;32m  OK  [0m] Stopped Raise network interfaces.
[[0;32m  OK  [0m] Stopped target Network (Pre).
[[0;32m  OK  [0m] Stopped Initial cloud-init job (pre-networking).
[[0;32m  OK  [0m] Stopped Apply Kernel Variables.
[[0;32m  OK  [0m] Stopped Load Kernel Modules.
[[0;32m  OK  [0m] Stopped target Local File Systems.
         Unmounting /vagrant...
         Unmounting /run/user/1000...
[[0;32m  OK  [0m] Unmounted /vagrant.
[[0;32m  OK  [0m] Unmounted /run/user/1000.
[[0;32m  OK  [0m] Reached target Unmount All Filesystems.
[[0;32m  OK  [0m] Stopped target Local File Systems (Pre).
         Stopping Monitoring of LVM2 mirrors... dmeventd or progress polling...
[[0;32m  OK  [0m] Stopped Create Static Device Nodes in /dev.
[[0;32m  OK  [0m] Stopped Remount Root and Kernel File Systems.
[[0;32m  OK  [0m] Reached target Shutdown.
[ 2633.068879] reboot: System halted
