[    0.000000] Initializing cgroup subsys cpuset
[    0.000000] Initializing cgroup subsys cpu
[    0.000000] Initializing cgroup subsys cpuacct
[    0.000000] Linux version 4.4.0-116-generic (buildd@lgw01-amd64-021) (gcc version 5.4.0 20160609 (Ubuntu 5.4.0-6ubuntu1~16.04.9) ) #140-Ubuntu SMP Mon Feb 12 21:23:04 UTC 2018 (Ubuntu 4.4.0-116.140-generic 4.4.98)
[    0.000000] Command line: BOOT_IMAGE=/boot/vmlinuz-4.4.0-116-generic root=LABEL=cloudimg-rootfs ro console=tty1 console=ttyS0
[    0.000000] KERNEL supported cpus:
[    0.000000]   Intel GenuineIntel
[    0.000000]   AMD AuthenticAMD
[    0.000000]   Centaur CentaurHauls
[    0.000000] x86/fpu: xstate_offset[2]:  576, xstate_sizes[2]:  256
[    0.000000] x86/fpu: Supporting XSAVE feature 0x01: 'x87 floating point registers'
[    0.000000] x86/fpu: Supporting XSAVE feature 0x02: 'SSE registers'
[    0.000000] x86/fpu: Supporting XSAVE feature 0x04: 'AVX registers'
[    0.000000] x86/fpu: Enabled xstate features 0x7, context size is 832 bytes, using 'standard' format.
[    0.000000] x86/fpu: Using 'lazy' FPU context switches.
[    0.000000] e820: BIOS-provided physical RAM map:
[    0.000000] BIOS-e820: [mem 0x0000000000000000-0x000000000009fbff] usable
[    0.000000] BIOS-e820: [mem 0x000000000009fc00-0x000000000009ffff] reserved
[    0.000000] BIOS-e820: [mem 0x00000000000f0000-0x00000000000fffff] reserved
[    0.000000] BIOS-e820: [mem 0x0000000000100000-0x000000000ffeffff] usable
[    0.000000] BIOS-e820: [mem 0x000000000fff0000-0x000000000fffffff] ACPI data
[    0.000000] BIOS-e820: [mem 0x00000000fec00000-0x00000000fec00fff] reserved
[    0.000000] BIOS-e820: [mem 0x00000000fee00000-0x00000000fee00fff] reserved
[    0.000000] BIOS-e820: [mem 0x00000000fffc0000-0x00000000ffffffff] reserved
[    0.000000] NX (Execute Disable) protection: active
[    0.000000] SMBIOS 2.5 present.
[    0.000000] Hypervisor detected: KVM
[    0.000000] Kernel/User page tables isolation: disabled
[    0.000000] e820: last_pfn = 0xfff0 max_arch_pfn = 0x400000000
[    0.000000] MTRR: Disabled
[    0.000000] x86/PAT: MTRRs disabled, skipping PAT initialization too.
[    0.000000] CPU MTRRs all blank - virtualized system.
[    0.000000] x86/PAT: Configuration [0-7]: WB  WT  UC- UC  WB  WT  UC- UC  
[    0.000000] found SMP MP-table at [mem 0x0009fff0-0x0009ffff] mapped at [ffff88000009fff0]
[    0.000000] Scanning 1 areas for low memory corruption
[    0.000000] RAMDISK: [mem 0x0ecd1000-0x0f76ffff]
[    0.000000] ACPI: Early table checksum verification disabled
[    0.000000] ACPI: RSDP 0x00000000000E0000 000024 (v02 VBOX  )
[    0.000000] ACPI: XSDT 0x000000000FFF0030 00003C (v01 VBOX   VBOXXSDT 00000001 ASL  00000061)
[    0.000000] ACPI: FACP 0x000000000FFF00F0 0000F4 (v04 VBOX   VBOXFACP 00000001 ASL  00000061)
[    0.000000] ACPI: DSDT 0x000000000FFF0470 0021FF (v02 VBOX   VBOXBIOS 00000002 INTL 20160108)
[    0.000000] ACPI: FACS 0x000000000FFF0200 000040
[    0.000000] ACPI: FACS 0x000000000FFF0200 000040
[    0.000000] ACPI: APIC 0x000000000FFF0240 00005C (v02 VBOX   VBOXAPIC 00000001 ASL  00000061)
[    0.000000] ACPI: SSDT 0x000000000FFF02A0 0001CC (v01 VBOX   VBOXCPUT 00000002 INTL 20160108)
[    0.000000] No NUMA configuration found
[    0.000000] Faking a node at [mem 0x0000000000000000-0x000000000ffeffff]
[    0.000000] NODE_DATA(0) allocated [mem 0x0ffeb000-0x0ffeffff]
[    0.000000] kvm-clock: Using msrs 4b564d01 and 4b564d00
[    0.000000] kvm-clock: cpu 0, msr 0:ffe3001, primary cpu clock
[    0.000000] kvm-clock: using sched offset of 4758058553 cycles
[    0.000000] clocksource: kvm-clock: mask: 0xffffffffffffffff max_cycles: 0x1cd42e4dffb, max_idle_ns: 881590591483 ns
[    0.000000] Zone ranges:
[    0.000000]   DMA      [mem 0x0000000000001000-0x0000000000ffffff]
[    0.000000]   DMA32    [mem 0x0000000001000000-0x000000000ffeffff]
[    0.000000]   Normal   empty
[    0.000000]   Device   empty
[    0.000000] Movable zone start for each node
[    0.000000] Early memory node ranges
[    0.000000]   node   0: [mem 0x0000000000001000-0x000000000009efff]
[    0.000000]   node   0: [mem 0x0000000000100000-0x000000000ffeffff]
[    0.000000] Initmem setup node 0 [mem 0x0000000000001000-0x000000000ffeffff]
[    0.000000] ACPI: PM-Timer IO Port: 0x4008
[    0.000000] IOAPIC[0]: apic_id 2, version 32, address 0xfec00000, GSI 0-23
[    0.000000] ACPI: INT_SRC_OVR (bus 0 bus_irq 0 global_irq 2 dfl dfl)
[    0.000000] ACPI: INT_SRC_OVR (bus 0 bus_irq 9 global_irq 9 high level)
[    0.000000] Using ACPI (MADT) for SMP configuration information
[    0.000000] smpboot: Allowing 2 CPUs, 0 hotplug CPUs
[    0.000000] PM: Registered nosave memory: [mem 0x00000000-0x00000fff]
[    0.000000] PM: Registered nosave memory: [mem 0x0009f000-0x0009ffff]
[    0.000000] PM: Registered nosave memory: [mem 0x000a0000-0x000effff]
[    0.000000] PM: Registered nosave memory: [mem 0x000f0000-0x000fffff]
[    0.000000] e820: [mem 0x10000000-0xfebfffff] available for PCI devices
[    0.000000] Booting paravirtualized kernel on KVM
[    0.000000] clocksource: refined-jiffies: mask: 0xffffffff max_cycles: 0xffffffff, max_idle_ns: 7645519600211568 ns
[    0.000000] setup_percpu: NR_CPUS:512 nr_cpumask_bits:512 nr_cpu_ids:2 nr_node_ids:1
[    0.000000] PERCPU: Embedded 34 pages/cpu @ffff88000fc00000 s99544 r8192 d31528 u1048576
[    0.000000] PV qspinlock hash table entries: 256 (order: 0, 4096 bytes)
[    0.000000] Built 1 zonelists in Node order, mobility grouping on.  Total pages: 64377
[    0.000000] Policy zone: DMA32
[    0.000000] Kernel command line: BOOT_IMAGE=/boot/vmlinuz-4.4.0-116-generic root=LABEL=cloudimg-rootfs ro console=tty1 console=ttyS0
[    0.000000] PID hash table entries: 1024 (order: 1, 8192 bytes)
[    0.000000] Memory: 227536K/261688K available (8530K kernel code, 1309K rwdata, 3992K rodata, 1508K init, 1316K bss, 34152K reserved, 0K cma-reserved)
[    0.000000] SLUB: HWalign=64, Order=0-3, MinObjects=0, CPUs=2, Nodes=1
[    0.000000] Hierarchical RCU implementation.
[    0.000000] 	Build-time adjustment of leaf fanout to 64.
[    0.000000] 	RCU restricting CPUs from NR_CPUS=512 to nr_cpu_ids=2.
[    0.000000] RCU: Adjusting geometry for rcu_fanout_leaf=64, nr_cpu_ids=2
[    0.000000] NR_IRQS:33024 nr_irqs:440 16
[    0.000000] Console: colour VGA+ 80x25
[    0.000000] console [tty1] enabled
[    0.000000] console [ttyS0] enabled
[    0.000000] tsc: Detected 2195.880 MHz processor
[    0.000000] tsc: Marking TSC unstable due to TSCs unsynchronized
[    0.012000] Calibrating delay loop (skipped) preset value.. 4391.76 BogoMIPS (lpj=8783520)
[    0.016021] pid_max: default: 32768 minimum: 301
[    0.019106] ACPI: Core revision 20150930
[    0.025001] ACPI: 2 ACPI AML tables successfully acquired and loaded
[    0.028815] Security Framework initialized
[    0.031398] Yama: becoming mindful.
[    0.032068] AppArmor: AppArmor initialized
[    0.036129] Dentry cache hash table entries: 32768 (order: 6, 262144 bytes)
[    0.040173] Inode-cache hash table entries: 16384 (order: 5, 131072 bytes)
[    0.044108] Mount-cache hash table entries: 512 (order: 0, 4096 bytes)
[    0.048067] Mountpoint-cache hash table entries: 512 (order: 0, 4096 bytes)
[    0.052478] Initializing cgroup subsys io
[    0.055200] Initializing cgroup subsys memory
[    0.056050] Initializing cgroup subsys devices
[    0.060042] Initializing cgroup subsys freezer
[    0.068033] Initializing cgroup subsys net_cls
[    0.072040] Initializing cgroup subsys perf_event
[    0.075009] Initializing cgroup subsys net_prio
[    0.076051] Initializing cgroup subsys hugetlb
[    0.080047] Initializing cgroup subsys pids
[    0.084287] FEATURE SPEC_CTRL Not Present
[    0.088021] FEATURE IBPB Not Present
[    0.092025] Disabling indirect branch predictor support
[    0.096031] CPU: Physical Processor ID: 0
[    0.098822] CPU: Processor Core ID: 0
[    0.110723] mce: CPU supports 0 MCE banks
[    0.112092] Last level iTLB entries: 4KB 512, 2MB 8, 4MB 4
[    0.116025] Last level dTLB entries: 4KB 512, 2MB 256, 4MB 128, 1GB 0
[    0.120066] Spectre V2 mitigation: Mitigation: Full AMD retpoline
[    0.124021] Spectre V2 mitigation: Speculation control IBPB not-supported IBRS not-supported
[    0.135348] Freeing SMP alternatives memory: 32K
[    0.157282] ftrace: allocating 32186 entries in 126 pages
[    0.192202] smpboot: APIC(0) Converting physical 0 to logical package 0
[    0.196042] smpboot: Max logical packages: 1
[    0.200710] x2apic enabled
[    0.204031] Switched APIC routing to physical x2apic.
[    0.210709] ..TIMER: vector=0x30 apic1=0 pin1=2 apic2=-1 pin2=-1
[    0.216000] smpboot: CPU0: AMD A8-7410 APU with AMD Radeon R5 Graphics (family: 0x16, model: 0x30, stepping: 0x1)
[    0.217416] Performance Events: Broken PMU hardware detected, using software events only.
[    0.224020] Failed to access perfctr msr (MSR c0010007 is 0)
[    0.227562] KVM setup paravirtual spinlock
[    0.232362] x86: Booting SMP configuration:
[    0.235063] .... node  #0, CPUs:      #1
[    0.012000] kvm-clock: cpu 1, msr 0:ffe3041, secondary cpu clock
[    0.012000] mce: CPU supports 0 MCE banks
[    0.252222] x86: Booted up 1 node, 2 CPUs
[    0.256030] smpboot: Total of 2 processors activated (8783.52 BogoMIPS)
[    0.260586] devtmpfs: initialized
[    0.281643] evm: security.selinux
[    0.288006] evm: security.SMACK64
[    0.324016] evm: security.SMACK64EXEC
[    0.328022] evm: security.SMACK64TRANSMUTE
[    0.332017] evm: security.SMACK64MMAP
[    0.336018] evm: security.ima
[    0.340006] evm: security.capability
[    0.345848] clocksource: jiffies: mask: 0xffffffff max_cycles: 0xffffffff, max_idle_ns: 7645041785100000 ns
[    0.356040] futex hash table entries: 512 (order: 3, 32768 bytes)
[    0.368964] pinctrl core: initialized pinctrl subsystem
[    0.372053] RTC time:  4:07:28, date: 04/05/18
[    0.379701] NET: Registered protocol family 16
[    0.392788] cpuidle: using governor ladder
[    0.400018] cpuidle: using governor menu
[    0.402777] PCCT header not found.
[    0.404860] ACPI: bus type PCI registered
[    0.408139] acpiphp: ACPI Hot Plug PCI Controller Driver version: 0.5
[    0.416256] PCI: Using configuration type 1 for base access
[    0.420010] PCI: Using configuration type 1 for extended access
[    0.444219] ACPI: Added _OSI(Module Device)
[    0.448029] ACPI: Added _OSI(Processor Device)
[    0.452005] ACPI: Added _OSI(3.0 _SCP Extensions)
[    0.456007] ACPI: Added _OSI(Processor Aggregator Device)
[    0.461221] ACPI: Executed 1 blocks of module-level executable AML code
[    0.474362] ACPI: Interpreter enabled
[    0.476060] ACPI: (supports S0 S5)
[    0.480135] ACPI: Using IOAPIC for interrupt routing
[    0.484641] PCI: Using host bridge windows from ACPI; if necessary, use "pci=nocrs" and report a bug
[    0.498328] ACPI: PCI Root Bridge [PCI0] (domain 0000 [bus 00-ff])
[    0.500040] acpi PNP0A03:00: _OSC: OS supports [ExtendedConfig ASPM ClockPM Segments MSI]
[    0.504160] acpi PNP0A03:00: _OSC: OS now controls [PCIeHotplug PME AER PCIeCapability]
[    0.508643] PCI host bridge to bus 0000:00
[    0.512023] pci_bus 0000:00: root bus resource [io  0x0000-0x0cf7 window]
[    0.516027] pci_bus 0000:00: root bus resource [io  0x0d00-0xffff window]
[    0.520026] pci_bus 0000:00: root bus resource [mem 0x000a0000-0x000bffff window]
[    0.524027] pci_bus 0000:00: root bus resource [mem 0x10000000-0xffdfffff window]
[    0.528022] pci_bus 0000:00: root bus resource [bus 00-ff]
[    0.534601] pci 0000:00:01.1: legacy IDE quirk: reg 0x10: [io  0x01f0-0x01f7]
[    0.536023] pci 0000:00:01.1: legacy IDE quirk: reg 0x14: [io  0x03f6]
[    0.540019] pci 0000:00:01.1: legacy IDE quirk: reg 0x18: [io  0x0170-0x0177]
[    0.544017] pci 0000:00:01.1: legacy IDE quirk: reg 0x1c: [io  0x0376]
[    0.571237] pci 0000:00:07.0: quirk: [io  0x4000-0x403f] claimed by PIIX4 ACPI
[    0.572032] pci 0000:00:07.0: quirk: [io  0x4100-0x410f] claimed by PIIX4 SMB
[    0.589809] ACPI: PCI Interrupt Link [LNKA] (IRQs 5 9 10 *11)
[    0.602702] ACPI: PCI Interrupt Link [LNKB] (IRQs 5 9 10 *11)
[    0.611396] ACPI: PCI Interrupt Link [LNKC] (IRQs 5 9 *10 11)
[    0.628028] ACPI: PCI Interrupt Link [LNKD] (IRQs 5 *9 10 11)
[    0.642318] ACPI: Enabled 2 GPEs in block 00 to 07
[    0.649465] vgaarb: setting as boot device: PCI:0000:00:02.0
[    0.652000] vgaarb: device added: PCI:0000:00:02.0,decodes=io+mem,owns=io+mem,locks=none
[    0.652019] vgaarb: loaded
[    0.656015] vgaarb: bridge control possible 0000:00:02.0
[    0.660648] SCSI subsystem initialized
[    0.670731] ACPI: bus type USB registered
[    0.672086] usbcore: registered new interface driver usbfs
[    0.676053] usbcore: registered new interface driver hub
[    0.684058] usbcore: registered new device driver usb
[    0.698354] PCI: Using ACPI for IRQ routing
[    0.732549] NetLabel: Initializing
[    0.756021] NetLabel:  domain hash size = 128
[    0.780013] NetLabel:  protocols = UNLABELED CIPSOv4
[    0.836064] NetLabel:  unlabeled traffic allowed by default
[    0.857288] amd_nb: Cannot enumerate AMD northbridges
[    0.923563] clocksource: Switched to clocksource kvm-clock
[    0.971590] AppArmor: AppArmor Filesystem Enabled
[    1.034541] pnp: PnP ACPI init
[    1.064173] pnp: PnP ACPI: found 3 devices
[    1.124600] clocksource: acpi_pm: mask: 0xffffff max_cycles: 0xffffff, max_idle_ns: 2085701024 ns
[    1.185892] NET: Registered protocol family 2
[    1.238109] TCP established hash table entries: 2048 (order: 2, 16384 bytes)
[    1.298876] TCP bind hash table entries: 2048 (order: 3, 32768 bytes)
[    1.318810] TCP: Hash tables configured (established 2048 bind 2048)
[    1.345952] UDP hash table entries: 256 (order: 1, 8192 bytes)
[    1.384536] UDP-Lite hash table entries: 256 (order: 1, 8192 bytes)
[    1.430237] NET: Registered protocol family 1
[    1.458336] pci 0000:00:00.0: Limiting direct PCI/PCI transfers
[    1.471611] pci 0000:00:01.0: Activating ISA DMA hang workarounds
[    1.489940] Unpacking initramfs...
[    5.753922] Freeing initrd memory: 10876K
[    5.770834] clocksource: tsc: mask: 0xffffffffffffffff max_cycles: 0x1fa6ff058a4, max_idle_ns: 440795278046 ns
[    5.837865] platform rtc_cmos: registered platform RTC device (no PNP device found)
[    5.897961] Scanning for low memory corruption every 60 seconds
[    5.952107] audit: initializing netlink subsys (disabled)
[    5.964958] audit: type=2000 audit(1522901258.736:1): initialized
[    5.971838] Initialise system trusted keyring
[    5.983982] HugeTLB registered 2 MB page size, pre-allocated 0 pages
[    5.992413] zbud: loaded
[    5.998633] VFS: Disk quotas dquot_6.6.0
[    6.001790] VFS: Dquot-cache hash table entries: 512 (order 0, 4096 bytes)
[    6.007285] squashfs: version 4.0 (2009/01/31) Phillip Lougher
[    6.015429] fuse init (API version 7.23)
[    6.020176] Key type big_key registered
[    6.022968] Allocating IMA MOK and blacklist keyrings.
[    6.040703] Key type asymmetric registered
[    6.043584] Asymmetric key parser 'x509' registered
[    6.047595] Block layer SCSI generic (bsg) driver version 0.4 loaded (major 249)
[    6.065263] io scheduler noop registered
[    6.069029] io scheduler deadline registered (default)
[    6.080341] io scheduler cfq registered
[    6.083690] pci_hotplug: PCI Hot Plug PCI Core version: 0.5
[    6.088600] pciehp: PCI Express Hot Plug Controller Driver version: 0.4
[    6.094071] ACPI: AC Adapter [AC] (on-line)
[    6.097726] input: Power Button as /devices/LNXSYSTM:00/LNXPWRBN:00/input/input0
[    6.103319] ACPI: Power Button [PWRF]
[    6.109306] input: Sleep Button as /devices/LNXSYSTM:00/LNXSLPBN:00/input/input1
[    6.115126] ACPI: Sleep Button [SLPF]
[    6.126346] GHES: HEST is not enabled!
[    6.128309] ACPI: Battery Slot [BAT0] (battery present)
[    6.137218] Serial: 8250/16550 driver, 32 ports, IRQ sharing enabled
[    6.166138] 00:02: ttyS0 at I/O 0x3f8 (irq = 4, base_baud = 115200) is a 16550A
[    6.199244] Linux agpgart interface v0.103
[    6.244290] loop: module loaded
[    6.249892] scsi host0: ata_piix
[    6.258911] scsi host1: ata_piix
[    6.262598] ata1: PATA max UDMA/33 cmd 0x1f0 ctl 0x3f6 bmdma 0xd000 irq 14
[    6.268768] ata2: PATA max UDMA/33 cmd 0x170 ctl 0x376 bmdma 0xd008 irq 15
[    6.283154] libphy: Fixed MDIO Bus: probed
[    6.286175] tun: Universal TUN/TAP device driver, 1.6
[    6.291054] tun: (C) 1999-2004 Max Krasnyansky <maxk@qualcomm.com>
[    6.298195] PPP generic driver version 2.4.2
[    6.303919] ehci_hcd: USB 2.0 'Enhanced' Host Controller (EHCI) Driver
[    6.309416] ehci-pci: EHCI PCI platform driver
[    6.313551] ehci-platform: EHCI generic platform driver
[    6.318513] ohci_hcd: USB 1.1 'Open' Host Controller (OHCI) Driver
[    6.324155] ohci-pci: OHCI PCI platform driver
[    6.328397] ohci-platform: OHCI generic platform driver
[    6.336423] uhci_hcd: USB Universal Host Controller Interface driver
[    6.373722] i8042: PNP: PS/2 Controller [PNP0303:PS2K,PNP0f03:PS2M] at 0x60,0x64 irq 1,12
[    6.436117] serio: i8042 KBD port at 0x60,0x64 irq 1
[    6.470223] serio: i8042 AUX port at 0x60,0x64 irq 12
[    6.479261] mousedev: PS/2 mouse device common for all mice
[    6.484863] rtc_cmos rtc_cmos: rtc core: registered rtc_cmos as rtc0
[    6.493407] rtc_cmos rtc_cmos: alarms up to one day, 114 bytes nvram
[    6.499944] input: AT Translated Set 2 keyboard as /devices/platform/i8042/serio0/input/input2
[    6.500135] i2c /dev entries driver
[    6.500297] device-mapper: uevent: version 1.0.3
[    6.500489] device-mapper: ioctl: 4.34.0-ioctl (2015-10-28) initialised: dm-devel@redhat.com
[    6.500524] ledtrig-cpu: registered to indicate activity on CPUs
[    6.501297] NET: Registered protocol family 10
[    6.501683] NET: Registered protocol family 17
[    6.501713] Key type dns_resolver registered
[    6.502217] microcode: CPU0: patch_level=0x06000626
[    6.501732] microcode: CPU1: patch_level=0x06000626
[    6.505670] microcode: Microcode Update Driver: v2.01 <tigran@aivazian.fsnet.co.uk>, Peter Oruba
[    6.506170] registered taskstats version 1
[    6.506196] Loading compiled-in X.509 certificates
[    6.508176] Loaded X.509 cert 'Build time autogenerated kernel key: aa84f01984fbd529c105810b59e379d349698248'
[    6.508235] zswap: loaded using pool lzo/zbud
[    6.512830] Key type trusted registered
[    6.520751] Key type encrypted registered
[    6.520766] AppArmor: AppArmor sha1 policy hashing enabled
[    6.520771] ima: No TPM chip found, activating TPM-bypass!
[    6.520881] evm: HMAC attrs: 0x1
[    6.521384]   Magic number: 14:846:109
[    6.523097] rtc_cmos rtc_cmos: setting system clock to 2018-04-05 04:07:36 UTC (1522901256)
[    6.523294] BIOS EDD facility v0.16 2004-Jun-25, 0 devices found
[    6.523295] EDD information not available.
[    7.161236] Freeing unused kernel memory: 1508K
[    7.193254] Write protecting the kernel read-only data: 14336k
[    7.246465] Freeing unused kernel memory: 1700K
[    7.258582] Freeing unused kernel memory: 104K
Loading, please wait...
starting version[    7.424432] random: systemd-udevd: uninitialized urandom read (16 bytes read, 3 bits of entropy available)
 229
[    7.432284] random: udevadm: uninitialized urandom read (16 bytes read, 3 bits of entropy available)
[    7.432364] random: udevadm: uninitialized urandom read (16 bytes read, 3 bits of entropy available)
[    7.514784] random: udevadm: uninitialized urandom read (16 bytes read, 3 bits of entropy available)
[    7.514917] random: udevadm: uninitialized urandom read (16 bytes read, 3 bits of entropy available)
[    7.515395] random: udevadm: uninitialized urandom read (16 bytes read, 3 bits of entropy available)
[    7.515615] random: udevadm: uninitialized urandom read (16 bytes read, 3 bits of entropy available)
[    7.515875] random: udevadm: uninitialized urandom read (16 bytes read, 3 bits of entropy available)
[    7.516123] random: udevadm: uninitialized urandom read (16 bytes read, 3 bits of entropy available)
[    7.516305] random: udevadm: uninitialized urandom read (16 bytes read, 3 bits of entropy available)
[    8.936242] input: ImExPS/2 Generic Explorer Mouse as /devices/platform/i8042/serio1/input/input4
[    9.290509] Fusion MPT base driver 3.04.20
[    9.296243] e1000: Intel(R) PRO/1000 Network Driver - version 7.3.21-k8-NAPI
[    9.296244] e1000: Copyright (c) 1999-2006 Intel Corporation.
[   10.468888] Copyright (c) 1999-2008 LSI Corporation
[   11.114155] AVX version of gcm_enc/dec engaged.
[   11.191703] AES CTR mode by8 optimization enabled
[   11.297677] Fusion MPT SPI Host driver 3.04.20
[   11.561301] e1000 0000:00:03.0 eth0: (PCI:33MHz:32-bit) 02:d9:fe:34:b4:72
[   11.591803] e1000 0000:00:03.0 eth0: Intel(R) PRO/1000 Network Connection
[   11.601997] mptbase: ioc0: Initiating bringup
[   11.664601] ioc0: LSI53C1030 A0: Capabilities={Initiator}
[   11.959463] scsi host2: ioc0: LSI53C1030 A0, FwRev=00000000h, Ports=1, MaxQ=256, IRQ=20
[   12.223037] scsi 2:0:0:0: Direct-Access     VBOX     HARDDISK         1.0  PQ: 0 ANSI: 5
[   12.283687] scsi target2:0:0: Beginning Domain Validation
[   12.284704] floppy0: no floppy controllers found
[   12.409433] scsi target2:0:0: Domain Validation skipping write tests
[   12.501912] scsi target2:0:0: Ending Domain Validation
[   12.524005] scsi target2:0:0: asynchronous
[   12.528181] scsi 2:0:1:0: Direct-Access     VBOX     HARDDISK         1.0  PQ: 0 ANSI: 5
[   12.548654] scsi target2:0:1: Beginning Domain Validation
[   12.600029] scsi target2:0:1: Domain Validation skipping write tests
[   12.609398] scsi target2:0:1: Ending Domain Validation
[   12.613249] scsi target2:0:1: asynchronous
[   12.691093] sd 2:0:0:0: Attached scsi generic sg0 type 0
[   12.692076] sd 2:0:1:0: Attached scsi generic sg1 type 0
[   12.703138] sd 2:0:1:0: [sdb] 20480 512-byte logical blocks: (10.5 MB/10.0 MiB)
[   12.710001] sd 2:0:0:0: [sda] 20971520 512-byte logical blocks: (10.7 GB/10.0 GiB)
[   12.716585] sd 2:0:0:0: [sda] Write Protect is off
[   12.720953] sd 2:0:1:0: [sdb] Write Protect is off
[   12.725356] sd 2:0:1:0: [sdb] Incomplete mode parameter data
[   12.729801] sd 2:0:1:0: [sdb] Assuming drive cache: write through
[   12.744948] sd 2:0:0:0: [sda] Incomplete mode parameter data
[   12.748829] sd 2:0:0:0: [sda] Assuming drive cache: write through
[   12.804727]  sda: sda1
[   12.857208] sd 2:0:1:0: [sdb] Attached SCSI disk
[   12.888461] sd 2:0:0:0: [sda] Attached SCSI disk
[   13.093729] e1000 0000:00:08.0 eth1: (PCI:33MHz:32-bit) 08:00:27:3d:bb:8b
[   13.180752] e1000 0000:00:08.0 eth1: Intel(R) PRO/1000 Network Connection
[   13.307907] e1000 0000:00:03.0 enp0s3: renamed from eth0
[   13.331208] e1000 0000:00:08.0 enp0s8: renamed from eth1
Begin: Loading essential drivers[   15.928994] md: linear personality registered for level -1
 ... [   16.053902] md: multipath personality registered for level -4
[   16.190961] md: raid0 personality registered for level 0
[   16.343152] md: raid1 personality registered for level 1
[   16.532235] raid6: sse2x1   gen()   352 MB/s
[   16.654678] raid6: sse2x1   xor()  1647 MB/s
[   16.784171] raid6: sse2x2   gen()  1014 MB/s
[   16.868323] raid6: sse2x2   xor()   883 MB/s
[   16.936276] raid6: sse2x4   gen()  1185 MB/s
[   17.004503] raid6: sse2x4   xor()   853 MB/s
[   17.008510] raid6: using algorithm sse2x4 gen() 1185 MB/s
[   17.013988] raid6: .... xor() 853 MB/s, rmw enabled
[   17.022042] raid6: using ssse3x2 recovery algorithm
[   17.065493] xor: automatically using best checksumming function:
[   17.127112]    avx       :  3688.000 MB/sec
[   17.150830] async_tx: api initialized (async)
[   17.406480] md: raid6 personality registered for level 6
[   17.414351] md: raid5 personality registered for level 5
[   17.420820] md: raid4 personality registered for level 4
[   17.509508] md: raid10 personality registered for level 10
done.
Begin: Running /scripts/init-premount ... done.
Begin: Mounting root file system ... Begin: Running /scripts/local-top ... done.
Begin: Running /scripts/local-premount ... [   17.700691] Btrfs loaded
Scanning for Btrfs filesystems
done.
Warning: fsck not present, so skipping root file system
[   18.291458] EXT4-fs (sda1): mounted filesystem with ordered data mode. Opts: (null)
done.
Begin: Running /scripts/local-bottom ... done.
Begin: Running /scripts/init-bottom ... done.
[   19.241293] random: nonblocking pool is initialized
[   20.457078] systemd[1]: systemd 229 running in system mode. (+PAM +AUDIT +SELINUX +IMA +APPARMOR +SMACK +SYSVINIT +UTMP +LIBCRYPTSETUP +GCRYPT +GNUTLS +ACL +XZ -LZ4 +SECCOMP +BLKID +ELFUTILS +KMOD -IDN)
[   20.697960] systemd[1]: Detected virtualization oracle.
[   20.725734] systemd[1]: Detected architecture x86-64.

Welcome to [1mUbuntu 16.04.4 LTS[0m!

[   21.018725] systemd[1]: Set hostname to <ubuntu-xenial>.
[   25.031384] systemd[1]: Reached target Encrypted Volumes.
[[0;32m  OK  [0m] Reached target Encrypted Volumes.
[   25.105654] systemd[1]: Listening on Journal Socket (/dev/log).
[[0;32m  OK  [0m] Listening on Journal Socket (/dev/log).
[   25.176417] systemd[1]: Reached target System Time Synchronized.
[[0;32m  OK  [0m] Reached target System Time Synchronized.
[   25.340897] systemd[1]: Listening on Journal Socket.
[[0;32m  OK  [0m] Listening on Journal Socket.
[   25.469772] systemd[1]: Set up automount Arbitrary Executable File Formats File System Automount Point.
[[0;32m  OK  [0m] Set up automount Arbitrary Executab...ats File System Automount Point.
[   25.656993] systemd[1]: Listening on /dev/initctl Compatibility Named Pipe.
[[0;32m  OK  [0m] Listening on /dev/initctl Compatibility Named Pipe.
[   25.900718] systemd[1]: Listening on udev Kernel Socket.
[[0;32m  OK  [0m] Listening on udev Kernel Socket.
[   25.979448] systemd[1]: Listening on LVM2 metadata daemon socket.
[[0;32m  OK  [0m] Listening on LVM2 metadata daemon socket.
[   26.064773] systemd[1]: Started Forward Password Requests to Wall Directory Watch.
[[0;32m  OK  [0m] Started Forward Password Requests to Wall Directory Watch.
[   26.145028] systemd[1]: Reached target User and Group Name Lookups.
[[0;32m  OK  [0m] Reached target User and Group Name Lookups.
[   26.361483] systemd[1]: Listening on udev Control Socket.
[[0;32m  OK  [0m] Listening on udev Control Socket.
[   26.400535] systemd[1]: Listening on Syslog Socket.
[[0;32m  OK  [0m] Listening on Syslog Socket.
[   26.499662] systemd[1]: Listening on Journal Audit Socket.
[[0;32m  OK  [0m] Listening on Journal Audit Socket.
[   26.561492] systemd[1]: Listening on LVM2 poll daemon socket.
[[0;32m  OK  [0m] Listening on LVM2 poll daemon socket.
[   26.675536] systemd[1]: Started Trigger resolvconf update for networkd DNS.
[[0;32m  OK  [0m] Started Trigger resolvconf update for networkd DNS.
[   26.852829] systemd[1]: Listening on Device-mapper event daemon FIFOs.
[[0;32m  OK  [0m] Listening on Device-mapper event daemon FIFOs.
[   26.888244] systemd[1]: Reached target Swap.
[[0;32m  OK  [0m] Reached target Swap.
[   26.911015] systemd[1]: Created slice System Slice.
[[0;32m  OK  [0m] Created slice System Slice.
[   26.962027] systemd[1]: Mounting Huge Pages File System...
         Mounting Huge Pages File System...
[   27.111625] systemd[1]: Mounting Debug File System...
         Mounting Debug File System...
[   27.163606] systemd[1]: Starting Uncomplicated firewall...
         Starting Uncomplicated firewall...
[   27.182917] systemd[1]: Starting Nameserver information manager...
         Starting Nameserver information manager...
[   27.244815] systemd[1]: Starting Set console keymap...
         Starting Set console keymap...
[   27.384644] systemd[1]: Starting Remount Root and Kernel File Systems...
[   27.462740] EXT4-fs (sda1): re-mounted. Opts: (null)
         Starting Remount Root and Kernel File Systems...
[   27.712842] systemd[1]: Starting Load Kernel Modules...
         Starting Load Kernel Modules...
[   27.804620] Loading iSCSI transport class v2.0-870.
[   27.905476] systemd[1]: Starting Monitoring of LVM2 mirrors, snapshots etc. using dmeventd or progress polling...
         Starting Monitoring of LVM2 mirrors... dmeventd or progress polling...
[   28.056677] systemd[1]: Starting Journal Service...
         [   28.172371] iscsi: registered transport (tcp)
Starting Journal Service...
[   28.293185] systemd[1]: Mounting POSIX Message Queue File System...
         Mounting POSIX Message Queue File System...
[   28.453783] systemd[1]: Starting Create list of required static device nodes for the current kernel...
         Starting Create list of required st... nodes for the current kernel...
[   28.569875] systemd[1]: Created slice User and Session Slice.
[[0;32m  OK  [0m] Created slice User and Session Slice.
[   28.675679] systemd[1]: Reached target Slices.
[[0;32m  OK  [0m] Reached target Slices.
[   28.688556] systemd[1]: Created slice system-serial\x2dgetty.slice.
[[0;32m  OK  [[   28.768496] iscsi: registered transport (iser)
0m] Created slice system-serial\x2dgetty.slice.
[   28.832170] systemd[1]: Mounted POSIX Message Queue File System.
[[0;32m  OK  [0m] Mounted POSIX Message Queue File System.
[   28.920725] systemd[1]: Mounted Debug File System.
[[0;32m  OK  [0m] Mounted Debug File System.
[   29.048645] systemd[1]: Mounted Huge Pages File System.
[[0;32m  OK  [0m] Mounted Huge Pages File System.
[   29.070402] systemd[1]: Started Journal Service.
[[0;32m  OK  [0m] Started Journal Service.
[[0;32m  OK  [0m] Started Uncomplicated firewall.
[[0;32m  OK  [0m] Started Set console keymap.
[[0;32m  OK  [0m] Started Remount Root and Kernel File Systems.
[[0;32m  OK  [0m] Started Load Kernel Modules.
[[0;32m  OK  [0m] Started Create list of required sta...ce nodes for the current kernel.
[[0;32m  OK  [0m] Started Nameserver information manager.
[[0;32m  OK  [0m] Started LVM2 metadata daemon.
         Starting Create Static Device Nodes in /dev...
         Starting Apply Kernel Variables...
         Mounting FUSE Control File System...
         Starting Load/Save Random Seed...
         Starting udev Coldplug all Devices...
         Starting Initial cloud-init job (pre-networking)...
         Starting Flush Journal to Persistent Storage...
[[0;32m  OK  [0m] Mounted FUSE Control File System.
[[0;32m  OK  [0m] Started Monitoring of LVM2 mirrors,...ng dmeventd or progress polling.
[[0;32m  OK  [0m] Started Create Static Device Nodes in /dev.
[[0;32m  OK  [0m] Started Apply Kernel Variables.
[[0;32m  OK  [0m] Started Load/Save Random Seed.
[[0;32m  OK  [0m] Started udev Coldplug all Devices.
         Starting udev Kernel Device Manager...
[[0;32m  OK  [0m] Started Flush Journal to Persistent Storage.
[[0;32m  OK  [0m] Started udev Kernel Device Manager.
[[0;32m  OK  [0m] Started Dispatch Password Requests to Console Directory Watch.
[[0;32m  OK  [0m] Reached target Local File Systems (Pre).
[[0;32m  OK  [0m] Reached target Local File Systems.
         Starting Set console font and keymap...
         Starting Create Volatile Files and Directories...
         Starting LSB: AppArmor initialization...
         Starting Tell Plymouth To Write Out Runtime Data...
[[0;32m  OK  [0m] Started Tell Plymouth To Write Out Runtime Data.
[[0;32m  OK  [0m] Started Create Volatile Files and Directories.
[[0;32m  OK  [0m] Found device /dev/ttyS0.
         Starting Update UTMP about System Boot/Shutdown...
[[0;32m  OK  [0m] Started Update UTMP about System Boot/Shutdown.
[[0;32m  OK  [0m] Started Set console font and keymap.
[[0;32m  OK  [0m] Created slice system-getty.slice.
[[0;32m  OK  [0m] Found device 82540EM Gigabit Ethern...r (PRO/1000 MT Desktop Adapter).
[[0;32m  OK  [0m] Found device 82540EM Gigabit Ethern...r (PRO/1000 MT Desktop Adapter).
[[0;32m  OK  [0m] Listening on Load/Save RF Kill Switch Status /dev/rfkill Watch.
[[0;32m  OK  [0m] Started LSB: AppArmor initialization.
[   48.914426] cloud-init[457]: Cloud-init v. 17.2 running 'init-local' at Thu, 05 Apr 2018 04:08:16 +0000. Up 46.40 seconds.
[[0;32m  OK  [0m] Started Initial cloud-init job (pre-networking).
[[0;32m  OK  [0m] Reached target Network (Pre).
[[0;32m  OK  [0m] Started ifup for enp0s3.
         Starting Raise network interfaces...
[[0;32m  OK  [0m] Started ifup for enp0s8.
[[0;32m  OK  [0m] Started Raise network interfaces.
[[0;32m  OK  [0m] Reached target Network.
         Starting Initial cloud-init job (metadata service crawler)...
[   55.565528] cloud-init[1072]: Cloud-init v. 17.2 running 'init' at Thu, 05 Apr 2018 04:08:22 +0000. Up 52.95 seconds.
[   55.681209] cloud-init[1072]: ci-info: ++++++++++++++++++++++++++++++++++++++Net device info++++++++++++++++++++++++++++++++++++++
[   55.826340] cloud-init[1072]: ci-info: +--------+------+-----------------------------+---------------+-------+-------------------+
[[   55.949068] cloud-init[1072]: ci-info: | Device |  Up  |           Address           |      Mask     | Scope |     Hw-Address    |
[0;32m  OK  [0m] Started Initial cloud-init job (metadata service crawler).
[   55.949525] cloud-init[1072]: ci-info: +--------+------+-----------------------------+---------------+-------+-------------------+
[   56.265124] cloud-init[1072]: ci-info: | enp0s3 | True |          10.0.2.15          | 255.255.255.0 |   .   | 02:d9:fe:34:b4:72 |
[   56.346634] cloud-init[1072]: ci-info: | enp0s3 | True |  fe80::d9:feff:fe34:b472/64 |       .       |  link | 02:d9:fe:34:b4:72 |
[   56.346990] cloud-init[1072]: [[0;32m  OK  [0m] Reached target Network is Online.
ci-info: | enp0s8 | True |         192.168.0.4         | 255.255.255.0 |   .   | 08:00:27:3d:bb:8b |
[   56.347198] cloud-init[1072]: ci-info: | enp0s8 | True | fe80::a00:27ff:fe3d:bb8b/64 |       .       |  link | 08:00:27:3d:bb:8b |
[   56.853634] cloud-init[1072]: ci-info: |   lo   | True |          127.0.0.1          |   255.0.0.0   |   .   |         .         |
         Starting iSCSI initiator daemon (iscsid)...
[   56.854005] cloud-init[1072]: ci-info: |   lo   | True |           ::1/128           |       .       |  host |         .         |
[[0;32m  OK  [0m[   57.116711] ] cloud-initReached target System Initialization.[1072]: 
ci-info: +--------+------+-----------------------------+---------------+-------+-------------------+
[   57.297005] cloud-init[1072]: ci-info: +++++++++++++++++++++++++++Route IPv4 info++++++++++++++++++++++++++++
[   57.297433] cloud-init         [1072]: Starting LXD - unix socket.ci-info: +-------+-------------+----------+---------------+-----------+-------+

[[0;32m  OK  [0m] Listening on ACPID Listen Socket.
         Starting Socket activation for snappy daemon.
[   57.297614] cloud-init[1072]: ci-info: | Route | Destination | Gateway  |    Genmask    | Interface | Flags |
[   57.804425] cloud-init[1072]: ci-info: +-------+-------------+----------+---------------+-----------+-------+
[[0;32m  OK  [0m] Started Timer to automatically refresh installed snaps.
[   57.918482] cloud-init[1072]: ci-info: |   0   |   0.0.0.0   | 10.0.2.2 |    0.0.0.0    |   enp0s3  |   UG  |
[   58.193978] cloud-init[1072]: ci-info: |   1   |   10.0.2.0  | 0.0.0.0  | 255.255.255.0 |   enp0s3  |   U   |
[   58.337474] cloud-init[1072]: ci-info: |   2   | 192.168.0.0 | 0.0.0.0  | 255.255.255.0 |   enp0s8  |   U   |
[   58.436448] cloud-init[1072]: ci-info: +-------+-------------+----------+---------------+-----------+-------+
[[0;32m  OK  [0m] Started ACPI Events Check.
[[0;32m  OK  [0m] Reached target Paths.
[[0;32m  OK  [0m] Listening on UUID daemon activation socket.
[[0;32m  OK  [0m] Listening on D-Bus System Message Bus Socket.
[[0;32m  OK  [0m] Started Daily Cleanup of Temporary Directories.
[[0;32m  OK  [0m] Started Daily apt download activities.
[[0;32m  OK  [0m] Started Daily apt upgrade and clean activities.
[[0;32m  OK  [0m] Reached target Timers.
[[0;32m  OK  [0m] Reached target Cloud-config availability.
[[0;32m  OK  [0m] Listening on LXD - unix socket.
[[0;32m  OK  [0m] Listening on Socket activation for snappy daemon.
[[0;32m  OK  [0m] Reached target Sockets.
[[0;32m  OK  [0m] Reached target Basic System.
         Starting The PHP 7.0 FastCGI Process Manager...
[[0;32m  OK  [0m] Started Regular background program processing daemon.
         Starting LSB: MD monitoring daemon...
[[0;32m  OK  [0m] Started Unattended Upgrades Shutdown.
         Starting Virtualbox guest utils...
         Starting /etc/rc.local Compatibility...
[[0;32m  OK  [0m] Started ACPI event daemon.
         Starting Snappy daemon...
[[0;32m  OK  [0m] Started FUSE filesystem for LXC.
[[0;32m  OK  [0m] Started Deferred execution scheduler.
         Starting Apply the settings specified in cloud-config...
         Starting Accounts Service...
[[0;32m  OK  [0m] Started D-Bus System Message Bus.
         Starting Login Service...
         Starting System Logging Service...
         Starting OpenBSD Secure Shell server...
         Starting LSB: Record successful boot for GRUB...
         Starting LXD - container startup/shutdown...
[[0;32m  OK  [0m] Started iSCSI initiator daemon (iscsid).
[[0;32m  OK  [0m] Started /etc/rc.local Compatibility.
         Starting Login to default iSCSI targets...
[[0;32m  OK  [0m] Started Login Service.
         Starting Authenticate and Authorize Users to Run Privileged Tasks...
[[0;32m  OK  [0m] Started LSB: Record successful boot for GRUB.
[[0;32m  OK  [0m] Started System Logging Service.
[[0;32m  OK  [0m] Started LSB: MD monitoring daemon.
[[0;32m  OK  [0m] Started Login to default iSCSI targets.
[[0;32m  OK  [0m] Reached target Remote File Systems (Pre).
[[0;32m  OK  [0m] Reached target Remote File Systems.
         Starting LSB: Set the CPU Frequency Scaling governor to "ondemand"...
         Starting Permit User Sessions...
         Starting LSB: daemon to balance interrupts for SMP systems...
         Starting LSB: automatic crash report generation...
         Starting LSB: Apache2 web server...
[[0;32m  OK  [0m] Started Permit User Sessions.
         Starting Hold until boot process finishes up...
         Starting Terminate Plymouth Boot Screen...
[[0;32m  OK  [0m] Started LSB: Set the CPU Frequency Scaling governor to "ondemand".
[[0;32m  OK  [0m] Started Hold until boot process finishes up.
[[0;32m  OK  [0m] Started Terminate Plymouth Boot Screen.
[[0;32m  OK  [0m] Started LSB: daemon to balance interrupts for SMP systems.
[[0;32m  OK  [0m] Started Virtualbox guest utils.
[[0;32m  OK  [0m] Started OpenBSD Secure Shell server.[   69.246317] cloud-init[1168]: Cloud-init v. 17.2 running 'modules:config' at Thu, 05 Apr 2018 04:08:33 +0000. Up 63.39 seconds.

[[0;32m  OK  [0m] Started Authenticate and Authorize Users to Run Privileged Tasks.
[[0;32m  OK  [0m] Started Accounts Service.
         Starting Set console scheme...
[[0;32m  OK  [0m] Started Getty on tty1.
[[0;32m  OK  [0m] Started Serial Getty on ttyS0.
[[0;32m  OK  [0m] Reached target Login Prompts.
[[0;32m  OK  [0m] Started Set console scheme.
[[0;32m  OK  [0m] Started LSB: automatic crash report generation.
[[0;32m  OK  [0m] Started Apply the settings specified in cloud-config.
[[0;32m  OK  [0m] Started Snappy daemon.
[[0;32m  OK  [0m] Started The PHP 7.0 FastCGI Process Manager.
[[0;32m  OK  [0m] Created slice User Slice of vagrant.
         Starting User Manager for UID 1000...
[[0;32m  OK  [0m] Started Session 1 of user vagrant.
[[0;32m  OK  [0m] Started User Manager for UID 1000.
[[0;32m  OK  [0m] Started LXD - container startup/shutdown.

Ubuntu 16.04.4 LTS ubuntu-xenial ttyS0

ubuntu-xenial login: [   77.754787] cloud-init[1484]: Cloud-init v. 17.2 running 'modules:final' at Thu, 05 Apr 2018 04:08:46 +0000. Up 76.84 seconds.
[   77.755923] cloud-init[1484]: Cloud-init v. 17.2 finished at Thu, 05 Apr 2018 04:08:47 +0000. Datasource DataSourceNoCloud [seed=/dev/sdb][dsmode=net].  Up 77.72 seconds
         Stopping Session 3 of user vagrant.
[[0;32m  OK  [0m] Stopped target Cloud-init target.
         Stopping User Manager for UID 1000...
         Stopping ACPI en         Stopping Serial Getty on ttyS0...
         Stopping Getty on tty1...
         Stopping LSB: Apache2 web server...
         Stopping LSB: Record successful boot for GRUB...
         Stopping LSB: MD monitoring daemon...
         Stopping LSB: daemon to balance interrupts for SMP systems...
         Stopping The PHP 7.0 FastCGI Process Manager...
         Stopping LSB: Set the CPU Frequency Scaling governor to "ondemand"...
         Stopping LSB: automatic crash report generation...
         Stopping D-Bus System Message Bus...
         Stopping System Logging Service...
[[0;32m  OK  [0m] Stopped Apply the settings specified in cloud-config.
[[0;32m  OK  [0m] Stopped target Cloud-config availability.
         Stopping Unattended Upgrades Shutdown...
[[0;32m  OK  [0m] Unmounted /var/lib/lxcfs.
[[0;32m  OK  [0m] Stopped Regular background program processing daemon.
[[0;32m  OK  [0m] Stopped ACPI event daemon.
[[0;32m  OK  [0m] Stopped Deferred execution scheduler.
[[0;32m  OK  [0m] Stopped Accounts Service.
[[0;32m  OK  [0m] Stopped Authenticate and Authorize Users to Run Privileged Tasks.
[[0;32m  OK  [0m] Stopped OpenBSD Secure Shell server.
[[0;32m  OK  [0m] Stopped Snappy daemon.
[[0;32m  OK  [0m] Stopped System Logging Service.
[[0;32m  OK  [0m] Stopped Getty on tty1.
[[0;32m  OK  [0m] Stopped Serial Getty on ttyS0.
[[0;32m  OK  [0m] Stopped User Manager for UID 1000.
[[0;32m  OK  [0m] Stopped The PHP 7.0 FastCGI Process Manager.
[[0;32m  OK  [0m] Stopped D-Bus System Message Bus.
[[0;32m  OK  [0m] Stopped FUSE filesystem for LXC.
[[0;32m  OK  [0m] Stopped Session 3 of user vagrant.
[[0;32m  OK  [0m] Stopped LXD - container startup/shutdown.
[[0;32m  OK  [0m] Stopped Unattended Upgrades Shutdown.
[[0;32m  OK  [0m] Stopped LSB: Record successful boot for GRUB.
[[0;32m  OK  [0m] Stopped LSB: Set the CPU Frequency Scaling governor to "ondemand".
[[0;32m  OK  [0m] Stopped LSB: MD monitoring daemon.
[[0;32m  OK  [0m] Stopped LSB: daemon to balance interrupts for SMP systems.
[[0;32m  OK  [0m] Stopped LSB: automatic crash report generation.
[[0;32m  OK  [0m] Removed slice User Slice of vagrant.
         Stopping Login Service...
[[0;32m  OK  [0m] Removed slice system-serial\x2dgetty.slice.
[[0;32m  OK  [0m] Stopped /etc/rc.local Compatibility.
[[0;32m  OK  [0m] Removed slice system-getty.slice.
         Stopping Permit User Sessions...
[[0;32m  OK  [0m] Stopped Login Service.
[[0;32m  OK  [0m] Stopped Virtualbox guest utils.
[[0;32m  OK  [0m] Stopped LSB: Apache2 web server.
[[0;32m  OK  [0m] Stopped Permit User Sessions.
[[0;32m  OK  [0m] Stopped target Remote File Systems.
[[0;32m  OK  [0m] Stopped target Remote File Systems (Pre).
         Stopping Login to default iSCSI targets...
[[0;32m  OK  [0m] Stopped target Basic System.
[[0;32m  OK  [0m] Stopped target Sockets.
[[0;32m  OK  [0m] Closed ACPID Listen Socket.
[[0;32m  OK  [0m] Closed Socket activation for snappy daemon.
[[0;32m  OK  [0m] Closed Syslog Socket.
[[0;32m  OK  [0m] Closed UUID daemon activation socket.
[[0;32m  OK  [0m] Closed LXD - unix socket.
[[0;32m  OK  [0m] Closed D-Bus System Message Bus Socket.
[[0;32m  OK  [0m] Stopped target Paths.
[[0;32m  OK  [0m] Stopped Dispatch Password Requests to Console Directory Watch.
[[0;32m  OK  [0m] Stopped Forward Password Requests to Wall Directory Watch.
[[0;32m  OK  [0m] Stopped ACPI Events Check.
[[0;32m  OK  [0m] Stopped target System Initialization.
[[0;32m  OK  [0m] Stopped target Swap.
[[0;32m  OK  [0m] Stopped target Encrypted Volumes.
         Stopping Update UTMP about System Boot/Shutdown...
         Stopping Load/Save Random Seed...
[[0;32m  OK  [0m] Stopped target Slices.
[[0;32m  OK  [0m] Removed slice User and Session Slice.
[[0;32m  OK  [0m] Stopped target User and Group Name Lookups.
[[0;32m  OK  [0m] Stopped Load/Save Random Seed.
[[0;32m  OK  [0m] Stopped Update UTMP about System Boot/Shutdown.
[[0;32m  OK  [0m] Stopped Login to default iSCSI targets.
         Stopping iSCSI initiator daemon (iscsid)...
[[0;32m  OK  [0m] Stopped Create Volatile Files and Directories.
[[0;32m  OK  [0m] Stopped iSCSI initiator daemon (iscsid).
[[0;32m  OK  [0m] Stopped target Network is Online.
[[0;32m  OK  [0m] Stopped Initial cloud-init job (metadata service crawler).
[[0;32m  OK  [0m] Stopped target Network.
         Stopping Raise network interfaces...
[[0;32m  OK  [0m] Stopped Raise network interfaces.
[[0;32m  OK  [0m] Stopped target Local File Systems.
         Unmounting /vagrant...
         Unmounting /run/user/1000...
[[0;32m  OK  [0m] Stopped target Network (Pre).
[[0;32m  OK  [0m] Stopped Initial cloud-init job (pre-networking).
[[0;32m  OK  [0m] Stopped Apply Kernel Variables.
[[0;32m  OK  [0m] Stopped Load Kernel Modules.
[[0;32m  OK  [0m] Unmounted /vagrant.
[[0;32m  OK  [0m] Unmounted /run/user/1000.
[[0;32m  OK  [0m] Reached target Unmount All Filesystems.
[[0;32m  OK  [0m] Stopped target Local File Systems (Pre).
         Stopping Monitoring of LVM2 mirrors... dmeventd or progress polling...
[[0;32m  OK  [0m] Stopped Create Static Device Nodes in /dev.
[[0;32m  OK  [0m] Stopped Remount Root and Kernel File Systems.
[[0;32m  OK  [0m] Reached target Shutdown.
[ 2634.597442] reboot: System halted
